#
# There is insufficient memory for the Java Runtime Environment to continue.
# Native memory allocation (malloc) failed to allocate 1694896 bytes. Error detail: Chunk::new
# Possible reasons:
#   The system is out of physical RAM or swap space
#   This process is running with CompressedOops enabled, and the Java Heap may be blocking the growth of the native heap
# Possible solutions:
#   Reduce memory load on the system
#   Increase physical memory or swap space
#   Check if swap backing store is full
#   Decrease Java heap size (-Xmx/-Xms)
#   Decrease number of Java threads
#   Decrease Java thread stack sizes (-Xss)
#   Set larger code cache with -XX:ReservedCodeCacheSize=
#   JVM is running with Unscaled Compressed Oops mode in which the Java heap is
#     placed in the first 4GB address space. The Java Heap base address is the
#     maximum limit for the native heap growth. Please use -XX:HeapBaseMinAddress
#     to set the Java Heap base and to place the Java Heap above 4GB virtual address.
# This output file may be truncated or incomplete.
#
#  Out of Memory Error (arena.cpp:168), pid=21436, tid=22328
#
# JRE version: OpenJDK Runtime Environment Temurin-21.0.7+6 (21.0.7+6) (build 21.0.7+6-LTS)
# Java VM: OpenJDK 64-Bit Server VM Temurin-21.0.7+6 (21.0.7+6-LTS, mixed mode, sharing, tiered, compressed oops, compressed class ptrs, parallel gc, windows-amd64)
# No core dump will be written. Minidumps are not enabled by default on client versions of Windows
#

---------------  S U M M A R Y ------------

Command Line: --add-modules=ALL-SYSTEM --add-opens=java.base/java.util=ALL-UNNAMED --add-opens=java.base/java.lang=ALL-UNNAMED --add-opens=java.base/sun.nio.fs=ALL-UNNAMED -Declipse.application=org.eclipse.jdt.ls.core.id1 -Dosgi.bundles.defaultStartLevel=4 -Declipse.product=org.eclipse.jdt.ls.core.product -Djava.import.generatesMetadataFilesAtProjectRoot=false -DDetectVMInstallationsJob.disabled=true -Dfile.encoding=utf8 -XX:+UseParallelGC -XX:GCTimeRatio=4 -XX:AdaptiveSizePolicyWeight=90 -Dsun.zip.disableMemoryMapping=true -Xmx1G -Xms100m -Xlog:disable -javaagent:c:\Users\landr\.vscode\extensions\redhat.java-1.42.0-win32-x64\lombok\lombok-1.18.36.jar -XX:+HeapDumpOnOutOfMemoryError -XX:HeapDumpPath=c:\Users\landr\AppData\Roaming\Code\User\workspaceStorage\3c3ba6a5eeb949c6492a5509a9be835c\redhat.java -Daether.dependencyCollector.impl=bf c:\Users\landr\.vscode\extensions\redhat.java-1.42.0-win32-x64\server\plugins\org.eclipse.equinox.launcher_1.7.0.v20250424-1814.jar -configuration c:\Users\landr\AppData\Roaming\Code\User\globalStorage\redhat.java\1.42.0\config_win -data c:\Users\landr\AppData\Roaming\Code\User\workspaceStorage\3c3ba6a5eeb949c6492a5509a9be835c\redhat.java\jdt_ws --pipe=\\.\pipe\lsp-3280bd97756407313a2f58f6036d3294-sock

Host: AMD Ryzen 5 3500U with Radeon Vega Mobile Gfx  , 8 cores, 13G,  Windows 11 , 64 bit Build 26100 (10.0.26100.4202)
Time: Fri Jun 20 09:44:59 2025 Paris, Madrid (heure duild 26100 (10.0.26100.4202) elapsed time: 533884.270196 seconds (6d 4h 18m 4s)

---------------  T H R E A D  ---------------

Current thread (0x000001d6c36cbbe0):  JavaThread "C2 CompilerThread0" daemon [_thread_in_native, id=22328, stack(0x0000001759400000,0x0000001759500000) (1024K)]


Current CompileTask:
C2:533884270 31944 % !   4       org.eclipse.lsp4j.jsonrpc.json.StreamMessageProducer::listen @ 43 (301 bytes)

Stack: [0x0000001759400000,0x0000001759500000]
Native frames: (J=compiled Java code, j=interpreted, Vv=VM code, C=native code)
V  [jvm.dll+0x6ce119]
V  [jvm.dll+0x8a84a1]
V  [jvm.dll+0x8aa9ce]
V  [jvm.dll+0x8ab0b3]
V  [jvm.dll+0x27f8a6]
V  [jvm.dll+0xc507d]
V  [jvm.dll+0xc55b3]
V  [jvm.dll+0x3b68f2]
V  [jvm.dll+0x1dfe33]
V  [jvm.dll+0x247c42]
V  [jvm.dll+0x2470cf]
V  [jvm.dll+0x1c760e]
V  [jvm.dll+0x25695a]
V  [jvm.dll+0x254efa]
V  [jvm.dll+0x3f03f6]
V  [jvm.dll+0x851f6b]
V  [jvm.dll+0x6cc7dd]
C  [ucrtbase.dll+0x37b0]
C  [KERNEL32.DLL+0x2e8d7]
C  [ntdll.dll+0x3c34c]


---------------  P R O C E S S  ---------------

Threads class SMR info:
_java_thread_list=0x000001d70bc93510, length=50, elements={
0x000001d6acffa2d0, 0x000001d6aeaebb10, 0x000001d6aeaedf40, 0x000001d6c36c6700,
0x000001d6c36c7700, 0x000001d6c36c8350, 0x000001d6c36cadb0, 0x000001d6c36cbbe0,
0x000001d6c36fe400, 0x000001d7061d0ae0, 0x000001d706403d30, 0x000001d70691d150,
0x000001d706539b10, 0x000001d706ab4cb0, 0x000001d706208500, 0x000001d706bc6a00,
0x000001d70b4b8900, 0x000001d7067b0d40, 0x000001d7067ad8c0, 0x000001d7067aec70,
0x000001d7067b06b0, 0x000001d70dac64f0, 0x000001d70dac78a0, 0x000001d70daca000,
0x000001d70dac7210, 0x000001d70dac6b80, 0x000001d70daca690, 0x000001d70dacad20,
0x000001d70dac85c0, 0x000001d70dac9970, 0x000001d70dac7f30, 0x000001d70dacc760,
0x000001d70f13f880, 0x000001d70db86180, 0x000001d70db84dd0, 0x000001d70db85af0,
0x000001d70db82d00, 0x000001d70db86810, 0x000001d70f13d120, 0x000001d70f13b050,
0x000001d70db83a20, 0x000001d70db84740, 0x000001d70db89600, 0x000001d70db88250,
0x000001d70dacb3b0, 0x000001d70daccdf0, 0x000001d70dacd480, 0x000001d70dacdb10,
0x000001d70f13d7b0, 0x000001d70f13f1f0
}

Java Threads: ( => current thread )
  0x000001d6acffa2d0 JavaThread "main"                              [_thread_blocked, id=19692, stack(0x0000001758a00000,0x0000001758b00000) (1024K)]
  0x000001d6aeaebb10 JavaThread "Reference Handler"          daemon [_thread_blocked, id=17336, stack(0x0000001758e00000,0x0000001758f00000) (1024K)]
  0x000001d6aeaedf40 JavaThread "Finalizer"                  daemon [_thread_blocked, id=19132, stack(0x0000001758f00000,0x0000001759000000) (1024K)]
  0x000001d6c36c6700 JavaThread "Signal Dispatcher"          daemon [_thread_blocked, id=22260, stack(0x0000001759000000,0x0000001759100000) (1024K)]
  0x000001d6c36c7700 JavaThread "Attach Listener"            daemon [_thread_blocked, id=19852, stack(0x0000001759100000,0x0000001759200000) (1024K)]
  0x000001d6c36c8350 JavaThread "Service Thread"             daemon [_thread_blocked, id=21708, stack(0x0000001759200000,0x0000001759300000) (1024K)]
  0x000001d6c36cadb0 JavaThread "Monitor Deflation Thread"   daemon [_thread_blocked, id=16784, stack(0x0000001759300000,0x0000001759400000) (1024K)]
=>0x000001d6c36cbbe0 JavaThread "C2 CompilerThread0"         daemon [_thread_in_native, id=22328, stack(0x0000001759400000,0x0000001759500000) (1024K)]
  0x000001d6c36fe400 JavaThread "C1 CompilerThread0"         daemon [_thread_blocked, id=17580, stack(0x0000001759500000,0x0000001759600000) (1024K)]
  0x000001d7061d0ae0 JavaThread "Common-Cleaner"             daemon [_thread_blocked, id=20308, stack(0x0000001759600000,0x0000001759700000) (1024K)]
  0x000001d706403d30 JavaThread "Notification Thread"        daemon [_thread_blocked, id=7316, stack(0x0000001759700000,0x0000001759800000) (1024K)]
  0x000001d70691d150 JavaThread "Active Thread: Equinox Container: 4e2f2476-6769-40d9-a886-c3722f1245ef"        [_thread_blocked, id=21956, stack(0x0000001759f00000,0x000000175a000000) (1024K)]
  0x000001d706539b10 JavaThread "Refresh Thread: Equinox Container: 4e2f2476-6769-40d9-a886-c3722f1245ef" daemon [_thread_blocked, id=14444, stack(0x000000175a000000,0x000000175a100000) (1024K)]
  0x000001d706ab4cb0 JavaThread "Framework Event Dispatcher: Equinox Container: 4e2f2476-6769-40d9-a886-c3722f1245ef" daemon [_thread_blocked, id=5976, stack(0x000000175a100000,0x000000175a200000) (1024K)]
  0x000001d706208500 JavaThread "Start Level: Equinox Container: 4e2f2476-6769-40d9-a886-c3722f1245ef" daemon [_thread_blocked, id=17348, stack(0x000000175a200000,0x000000175a300000) (1024K)]
  0x000001d706bc6a00 JavaThread "Bundle File Closer"         daemon [_thread_blocked, id=20736, stack(0x0000001758700000,0x0000001758800000) (1024K)]
  0x000001d70b4b8900 JavaThread "SCR Component Actor"        daemon [_thread_blocked, id=10696, stack(0x000000175a300000,0x000000175a400000) (1024K)]
  0x000001d7067b0d40 JavaThread "Worker-JM"                         [_thread_blocked, id=22416, stack(0x000000175a600000,0x000000175a700000) (1024K)]
  0x000001d7067ad8c0 JavaThread "JNA Cleaner"                daemon [_thread_blocked, id=21440, stack(0x000000175a700000,0x000000175a800000) (1024K)]
  0x000001d7067aec70 JavaThread "Java indexing"              daemon [_thread_blocked, id=4648, stack(0x000000175ac00000,0x000000175ad00000) (1024K)]
  0x000001d7067b06b0 JavaThread "Thread-2"                   daemon [_thread_in_native, id=22316, stack(0x000000175b100000,0x000000175b200000) (1024K)]
  0x000001d70dac64f0 JavaThread "Thread-3"                   daemon [_thread_in_native, id=21020, stack(0x000000175b200000,0x000000175b300000) (1024K)]
  0x000001d70dac78a0 JavaThread "Thread-4"                   daemon [_thread_in_native, id=8620, stack(0x000000175b300000,0x000000175b400000) (1024K)]
  0x000001d70daca000 JavaThread "Thread-5"                   daemon [_thread_in_native, id=17680, stack(0x000000175b400000,0x000000175b500000) (1024K)]
  0x000001d70dac7210 JavaThread "Thread-6"                   daemon [_thread_in_native, id=10324, stack(0x000000175b500000,0x000000175b600000) (1024K)]
  0x000001d70dac6b80 JavaThread "Thread-7"                   daemon [_thread_in_native, id=2308, stack(0x000000175b600000,0x000000175b700000) (1024K)]
  0x000001d70daca690 JavaThread "Thread-8"                   daemon [_thread_in_native, id=16704, stack(0x000000175b700000,0x000000175b800000) (1024K)]
  0x000001d70dacad20 JavaThread "Thread-9"                   daemon [_thread_in_native, id=22240, stack(0x000000175b800000,0x000000175b900000) (1024K)]
  0x000001d70dac85c0 JavaThread "Thread-10"                  daemon [_thread_in_native, id=18268, stack(0x000000175b900000,0x000000175ba00000) (1024K)]
  0x000001d70dac9970 JavaThread "pool-2-thread-1"                   [_thread_blocked, id=18792, stack(0x000000175ba00000,0x000000175bb00000) (1024K)]
  0x000001d70dac7f30 JavaThread "WorkspaceEventsHandler"            [_thread_blocked, id=19032, stack(0x000000175be00000,0x000000175bf00000) (1024K)]
  0x000001d70dacc760 JavaThread "pool-1-thread-1"                   [_thread_blocked, id=18504, stack(0x000000175bf00000,0x000000175c000000) (1024K)]
  0x000001d70f13f880 JavaThread "Cleaner-0"                  daemon [_thread_blocked, id=9272, stack(0x000000175a500000,0x000000175a600000) (1024K)]
  0x000001d70db86180 JavaThread "ForkJoinPool.commonPool-worker-87" daemon [_thread_blocked, id=15216, stack(0x0000001758800000,0x0000001758900000) (1024K)]
  0x000001d70db84dd0 JavaThread "ForkJoinPool.commonPool-worker-88" daemon [_thread_blocked, id=51304, stack(0x0000001758900000,0x0000001758a00000) (1024K)]
  0x000001d70db85af0 JavaThread "ForkJoinPool.commonPool-worker-89" daemon [_thread_blocked, id=48024, stack(0x000000175a900000,0x000000175aa00000) (1024K)]
  0x000001d70db82d00 JavaThread "ForkJoinPool.commonPool-worker-90" daemon [_thread_blocked, id=40836, stack(0x000000175aa00000,0x000000175ab00000) (1024K)]
  0x000001d70db86810 JavaThread "ForkJoinPool.commonPool-worker-94" daemon [_thread_blocked, id=59636, stack(0x000000175ab00000,0x000000175ac00000) (1024K)]
  0x000001d70f13d120 JavaThread "ForkJoinPool.commonPool-worker-97" daemon [_thread_blocked, id=54156, stack(0x000000175a400000,0x000000175a500000) (1024K)]
  0x000001d70f13b050 JavaThread "ForkJoinPool.commonPool-worker-98" daemon [_thread_blocked, id=24292, stack(0x000000175ad00000,0x000000175ae00000) (1024K)]
  0x000001d70db83a20 JavaThread "Compiler Source File Reader" daemon [_thread_blocked, id=9068, stack(0x000000175bb00000,0x000000175bc00000) (1024K)]
  0x000001d70db84740 JavaThread "Worker-107"                        [_thread_blocked, id=20916, stack(0x000000175bd00000,0x000000175be00000) (1024K)]
  0x000001d70db89600 JavaThread "Compiler Source File Reader" daemon [_thread_blocked, id=59352, stack(0x000000175c000000,0x000000175c100000) (1024K)]
  0x000001d70db88250 JavaThread "Compiler Source File Reader" daemon [_thread_blocked, id=24436, stack(0x000000175c100000,0x000000175c200000) (1024K)]
  0x000001d70dacb3b0 JavaThread "Compiler Source File Reader" daemon [_thread_blocked, id=55884, stack(0x000000175c200000,0x000000175c300000) (1024K)]
  0x000001d70daccdf0 JavaThread "Compiler Source File Reader" daemon [_thread_blocked, id=43928, stack(0x000000175c300000,0x000000175c400000) (1024K)]
  0x000001d70dacd480 JavaThread "Worker-108"                        [_thread_blocked, id=49712, stack(0x000000175a800000,0x000000175a900000) (1024K)]
  0x000001d70dacdb10 JavaThread "Worker-109"                        [_thread_blocked, id=43152, stack(0x000000175af00000,0x000000175b000000) (1024K)]
  0x000001d70f13d7b0 JavaThread "Worker-110"                        [_thread_blocked, id=53176, stack(0x000000175b000000,0x000000175b100000) (1024K)]
  0x000001d70f13f1f0 JavaThread "Worker-111"                        [_thread_blocked, id=2532, stack(0x000000175bc00000,0x000000175bd00000) (1024K)]
Total: 50

Other Threads:
  0x000001d6c36c1e20 VMThread "VM Thread"                           [id=17564, stack(0x0000001758d00000,0x0000001758e00000) (1024K)]
  0x000001d6c35dca00 WatcherThread "VM Periodic Task Thread"        [id=15524, stack(0x0000001758c00000,0x0000001758d00000) (1024K)]
  0x000001d6aea4c690 WorkerThread "GC Thread#0"                     [id=18928, stack(0x0000001758b00000,0x0000001758c00000) (1024K)]
  0x000001d706467090 WorkerThread "GC Thread#1"                     [id=10388, stack(0x0000001759900000,0x0000001759a00000) (1024K)]
  0x000001d706793af0 WorkerThread "GC Thread#2"                     [id=19976, stack(0x0000001759a00000,0x0000001759b00000) (1024K)]
  0x000001d706467430 WorkerThread "GC Thread#3"                     [id=8476, stack(0x0000001759b00000,0x0000001759c00000) (1024K)]
  0x000001d7064677d0 WorkerThread "GC Thread#4"                     [id=22508, stack(0x0000001759c00000,0x0000001759d00000) (1024K)]
  0x000001d7066100e0 WorkerThread "GC Thread#5"                     [id=17596, stack(0x0000001759d00000,0x0000001759e00000) (1024K)]
  0x000001d706610480 WorkerThread "GC Thread#6"                     [id=9584, stack(0x0000001759e00000,0x0000001759f00000) (1024K)]
  0x000001d706474a60 WorkerThread "GC Thread#7"                     [id=20468, stack(0x0000001759800000,0x0000001759900000) (1024K)]
Total: 10

Threads with active compile tasks:
C2 CompilerThread0  533884367 31944 % !   4       org.eclipse.lsp4j.jsonrpc.json.StreamMessageProducer::listen @ 43 (301 bytes)
Total: 1

VM state: not at safepoint (normal execution)

VM Mutex/Monitor currently owned by a thread: None

Heap address: 0x00000000c0000000, size: 1024 MB, Compressed Oops mode: 32-bit

CDS archive(s) mapped at: [0x000001d6c4000000-0x000001d6c4ba0000-0x000001d6c4ba0000), size 12189696, SharedBaseAddress: 0x000001d6c4000000, ArchiveRelocationMode: 1.
Compressed class space mapped at: 0x000001d6c5000000-0x000001d705000000, reserved size: 1073741824
Narrow klass base: 0x000001d6c4000000, Narrow klass shift: 0, Narrow klass range: 0x100000000

GC Precious Log:
 CardTable entry size: 512
 CPUs: 8 total, 8 available
 Memory: 14249M
 Large Page Support: Disabled
 NUMA Support: Disabled
 Compressed Oops: Enabled (32-bit)
 Alignments: Space 512K, Generation 512K, Heap 2M
 Heap Min Capacity: 100M
 Heap Initial Capacity: 100M
 Heap Max Capacity: 1G
 Pre-touch: Disabled
 Parallel Workers: 8

Heap:
 PSYoungGen      total 10752K, used 3716K [0x00000000eab00000, 0x00000000eb800000, 0x0000000100000000)
  eden space 10240K, 31% used [0x00000000eab00000,0x00000000eae23e20,0x00000000eb500000)
  from space 512K, 97% used [0x00000000eb780000,0x00000000eb7fd200,0x00000000eb800000)
  to   space 1536K, 0% used [0x00000000eb500000,0x00000000eb500000,0x00000000eb680000)
 ParOldGen       total 495616K, used 495125K [0x00000000c0000000, 0x00000000de400000, 0x00000000eab00000)
  object space 495616K, 99% used [0x00000000c0000000,0x00000000de385438,0x00000000de400000)
 Metaspace       used 95304K, committed 96896K, reserved 1179648K
  class space    used 9107K, committed 9856K, reserved 1048576K

Card table byte_map: [0x000001d6c0f70000,0x000001d6c1180000] _byte_map_base: 0x000001d6c0970000

Marking Bits: (ParMarkBitMap*) 0x00007ff9808131f0
 Begin Bits: [0x000001d6c12e0000, 0x000001d6c22e0000)
 End Bits:   [0x000001d6c22e0000, 0x000001d6c32e0000)

Polling page: 0x000001d6ad220000

Metaspace:

Usage:
  Non-class:     84.18 MB used.
      Class:      8.89 MB used.
       Both:     93.07 MB used.

Virtual space:
  Non-class space:      128.00 MB reserved,      85.00 MB ( 66%) committed,  2 nodes.
      Class space:        1.00 GB reserved,       9.62 MB ( <1%) committed,  1 nodes.
             Both:        1.12 GB reserved,      94.62 MB (  8%) committed. 

Chunk freelists:
   Non-Class:  10.81 MB
       Class:  6.42 MB
        Both:  17.24 MB

MaxMetaspaceSize: unlimited
CompressedClassSpaceSize: 1.00 GB
Initial GC threshold: 21.00 MB
Current GC threshold: 157.50 MB
CDS: on
 - commit_granule_bytes: 65536.
 - commit_granule_words: 8192.
 - virtual_space_node_default_size: 8388608.
 - enlarge_chunks_in_place: 1.
 - use_allocation_guard: 0.


Internal statistics:

num_allocs_failed_limit: 9.
num_arena_births: 2440.
num_arena_deaths: 884.
num_vsnodes_births: 3.
num_vsnodes_deaths: 0.
num_space_committed: 1514.
num_space_uncommitted: 0.
num_chunks_returned_to_freelist: 1129.
num_chunks_taken_from_freelist: 7664.
num_chunk_merges: 307.
num_chunk_splits: 4180.
num_chunks_enlarged: 2137.
num_inconsistent_stats: 0.

CodeHeap 'non-profiled nmethods': size=120000Kb used=23222Kb max_used=24789Kb free=96777Kb
 bounds [0x000001d6b9860000, 0x000001d6bb0a0000, 0x000001d6c0d90000]
CodeHeap 'profiled nmethods': size=120000Kb used=32067Kb max_used=51168Kb free=87932Kb
 bounds [0x000001d6b1d90000, 0x000001d6b4fd0000, 0x000001d6b92c0000]
CodeHeap 'non-nmethods': size=5760Kb used=1546Kb max_used=1635Kb free=4214Kb
 bounds [0x000001d6b92c0000, 0x000001d6b9530000, 0x000001d6b9860000]
 total_blobs=15088 nmethods=14225 adapters=762
 compilation: enabled
              stopped_count=0, restarted_count=0
 full_count=0

Compilation events (20 events):
Event: 533880.834 Thread 0x000001d6c36fe400 nmethod 31935 0x000001d6b437de90 code [0x000001d6b437e120, 0x000001d6b437eea0]
Event: 533880.835 Thread 0x000001d6c36fe400 31936       3       java.lang.invoke.LambdaForm$MH/0x000001d6c5005800::invoke (42 bytes)
Event: 533880.836 Thread 0x000001d6c36fe400 nmethod 31936 0x000001d6b48db610 code [0x000001d6b48db8a0, 0x000001d6b48dc620]
Event: 533880.836 Thread 0x000001d6c36fe400 31937       3       java.lang.invoke.LambdaForm$MH/0x000001d6c5005c00::invoke (42 bytes)
Event: 533880.838 Thread 0x000001d6c36fe400 nmethod 31937 0x000001d6b2c3b110 code [0x000001d6b2c3b3a0, 0x000001d6b2c3c120]
Event: 533880.838 Thread 0x000001d6c36fe400 31938       3       java.lang.invoke.LambdaForm$MH/0x000001d6c5002000::invoke (42 bytes)
Event: 533880.840 Thread 0x000001d6c36fe400 nmethod 31938 0x000001d6b4445290 code [0x000001d6b44454e0, 0x000001d6b4445f80]
Event: 533880.840 Thread 0x000001d6c36fe400 31939       3       java.lang.invoke.LambdaForm$MH/0x000001d6c5002400::invoke (42 bytes)
Event: 533880.841 Thread 0x000001d6c36fe400 nmethod 31939 0x000001d6b2856e90 code [0x000001d6b28570e0, 0x000001d6b2857b80]
Event: 533881.509 Thread 0x000001d6c36cbbe0 31940       4       java.nio.charset.CharsetDecoder::flush (49 bytes)
Event: 533881.511 Thread 0x000001d6c36cbbe0 nmethod 31940 0x000001d6ba530610 code [0x000001d6ba5307a0, 0x000001d6ba530880]
Event: 533881.955 Thread 0x000001d6c36cbbe0 31941   !   4       org.eclipse.jdt.ls.core.internal.JDTUtils::toURI (67 bytes)
Event: 533882.041 Thread 0x000001d6c36cbbe0 nmethod 31941 0x000001d6bb05d410 code [0x000001d6bb05d860, 0x000001d6bb05ec08]
Event: 533882.044 Thread 0x000001d6c36cbbe0 31942       4       org.eclipse.jdt.internal.compiler.lookup.TypeVariableBinding::setFirstBound (86 bytes)
Event: 533882.046 Thread 0x000001d6c36cbbe0 nmethod 31942 0x000001d6ba530190 code [0x000001d6ba530320, 0x000001d6ba530420]
Event: 533882.199 Thread 0x000001d6c36fe400 31943       3       org.eclipse.jdt.internal.compiler.ast.TryStatement::finallyMode (20 bytes)
Event: 533882.200 Thread 0x000001d6c36fe400 nmethod 31943 0x000001d6b2928410 code [0x000001d6b29285c0, 0x000001d6b2928840]
Event: 533882.379 Thread 0x000001d6c36cbbe0 31944 % !   4       org.eclipse.lsp4j.jsonrpc.json.StreamMessageProducer::listen @ 43 (301 bytes)
Event: 533883.239 Thread 0x000001d6c36fe400 31946       3       org.eclipse.jdt.internal.compiler.ast.Annotation$1LocationCollector::visit (162 bytes)
Event: 533883.242 Thread 0x000001d6c36fe400 nmethod 31946 0x000001d6b49a4d10 code [0x000001d6b49a4fe0, 0x000001d6b49a6130]

GC Heap History (20 events):
Event: 533880.334 GC heap before
{Heap before GC invocations=5939 (full 12):
 PSYoungGen      total 12288K, used 12062K [0x00000000eab00000, 0x00000000eba00000, 0x0000000100000000)
  eden space 10240K, 100% used [0x00000000eab00000,0x00000000eb500000,0x00000000eb500000)
  from space 2048K, 89% used [0x00000000eb800000,0x00000000eb9c7b30,0x00000000eba00000)
  to   space 2560K, 0% used [0x00000000eb500000,0x00000000eb500000,0x00000000eb780000)
 ParOldGen       total 487936K, used 487606K [0x00000000c0000000, 0x00000000ddc80000, 0x00000000eab00000)
  object space 487936K, 99% used [0x00000000c0000000,0x00000000ddc2d868,0x00000000ddc80000)
 Metaspace       used 95294K, committed 96896K, reserved 1179648K
  class space    used 9107K, committed 9856K, reserved 1048576K
}
Event: 533880.338 GC heap after
{Heap after GC invocations=5939 (full 12):
 PSYoungGen      total 12800K, used 2542K [0x00000000eab00000, 0x00000000ebb00000, 0x0000000100000000)
  eden space 10240K, 0% used [0x00000000eab00000,0x00000000eab00000,0x00000000eb500000)
  from space 2560K, 99% used [0x00000000eb500000,0x00000000eb77bb40,0x00000000eb780000)
  to   space 3072K, 0% used [0x00000000eb800000,0x00000000eb800000,0x00000000ebb00000)
 ParOldGen       total 487936K, used 487890K [0x00000000c0000000, 0x00000000ddc80000, 0x00000000eab00000)
  object space 487936K, 99% used [0x00000000c0000000,0x00000000ddc748b8,0x00000000ddc80000)
 Metaspace       used 95294K, committed 96896K, reserved 1179648K
  class space    used 9107K, committed 9856K, reserved 1048576K
}
Event: 533880.749 GC heap before
{Heap before GC invocations=5940 (full 12):
 PSYoungGen      total 12800K, used 12782K [0x00000000eab00000, 0x00000000ebb00000, 0x0000000100000000)
  eden space 10240K, 100% used [0x00000000eab00000,0x00000000eb500000,0x00000000eb500000)
  from space 2560K, 99% used [0x00000000eb500000,0x00000000eb77bb40,0x00000000eb780000)
  to   space 3072K, 0% used [0x00000000eb800000,0x00000000eb800000,0x00000000ebb00000)
 ParOldGen       total 487936K, used 487890K [0x00000000c0000000, 0x00000000ddc80000, 0x00000000eab00000)
  object space 487936K, 99% used [0x00000000c0000000,0x00000000ddc748b8,0x00000000ddc80000)
 Metaspace       used 95294K, committed 96896K, reserved 1179648K
  class space    used 9107K, committed 9856K, reserved 1048576K
}
Event: 533880.754 GC heap after
{Heap after GC invocations=5940 (full 12):
 PSYoungGen      total 12800K, used 2052K [0x00000000eab00000, 0x00000000eba80000, 0x0000000100000000)
  eden space 10240K, 0% used [0x00000000eab00000,0x00000000eab00000,0x00000000eb500000)
  from space 2560K, 80% used [0x00000000eb800000,0x00000000eba01210,0x00000000eba80000)
  to   space 2560K, 0% used [0x00000000eb500000,0x00000000eb500000,0x00000000eb780000)
 ParOldGen       total 489984K, used 489620K [0x00000000c0000000, 0x00000000dde80000, 0x00000000eab00000)
  object space 489984K, 99% used [0x00000000c0000000,0x00000000dde252c0,0x00000000dde80000)
 Metaspace       used 95294K, committed 96896K, reserved 1179648K
  class space    used 9107K, committed 9856K, reserved 1048576K
}
Event: 533880.804 GC heap before
{Heap before GC invocations=5941 (full 12):
 PSYoungGen      total 12800K, used 12292K [0x00000000eab00000, 0x00000000eba80000, 0x0000000100000000)
  eden space 10240K, 100% used [0x00000000eab00000,0x00000000eb500000,0x00000000eb500000)
  from space 2560K, 80% used [0x00000000eb800000,0x00000000eba01210,0x00000000eba80000)
  to   space 2560K, 0% used [0x00000000eb500000,0x00000000eb500000,0x00000000eb780000)
 ParOldGen       total 489984K, used 489620K [0x00000000c0000000, 0x00000000dde80000, 0x00000000eab00000)
  object space 489984K, 99% used [0x00000000c0000000,0x00000000dde252c0,0x00000000dde80000)
 Metaspace       used 95294K, committed 96896K, reserved 1179648K
  class space    used 9107K, committed 9856K, reserved 1048576K
}
Event: 533880.808 GC heap after
{Heap after GC invocations=5941 (full 12):
 PSYoungGen      total 12800K, used 2548K [0x00000000eab00000, 0x00000000ebc00000, 0x0000000100000000)
  eden space 10240K, 0% used [0x00000000eab00000,0x00000000eab00000,0x00000000eb500000)
  from space 2560K, 99% used [0x00000000eb500000,0x00000000eb77d220,0x00000000eb780000)
  to   space 3584K, 0% used [0x00000000eb880000,0x00000000eb880000,0x00000000ebc00000)
 ParOldGen       total 490496K, used 490014K [0x00000000c0000000, 0x00000000ddf00000, 0x00000000eab00000)
  object space 490496K, 99% used [0x00000000c0000000,0x00000000dde87b20,0x00000000ddf00000)
 Metaspace       used 95294K, committed 96896K, reserved 1179648K
  class space    used 9107K, committed 9856K, reserved 1048576K
}
Event: 533881.549 GC heap before
{Heap before GC invocations=5942 (full 12):
 PSYoungGen      total 12800K, used 12788K [0x00000000eab00000, 0x00000000ebc00000, 0x0000000100000000)
  eden space 10240K, 100% used [0x00000000eab00000,0x00000000eb500000,0x00000000eb500000)
  from space 2560K, 99% used [0x00000000eb500000,0x00000000eb77d220,0x00000000eb780000)
  to   space 3584K, 0% used [0x00000000eb880000,0x00000000eb880000,0x00000000ebc00000)
 ParOldGen       total 490496K, used 490014K [0x00000000c0000000, 0x00000000ddf00000, 0x00000000eab00000)
  object space 490496K, 99% used [0x00000000c0000000,0x00000000dde87b20,0x00000000ddf00000)
 Metaspace       used 95302K, committed 96896K, reserved 1179648K
  class space    used 9107K, committed 9856K, reserved 1048576K
}
Event: 533881.555 GC heap after
{Heap after GC invocations=5942 (full 12):
 PSYoungGen      total 12288K, used 1844K [0x00000000eab00000, 0x00000000eba80000, 0x0000000100000000)
  eden space 10240K, 0% used [0x00000000eab00000,0x00000000eab00000,0x00000000eb500000)
  from space 2048K, 90% used [0x00000000eb880000,0x00000000eba4d220,0x00000000eba80000)
  to   space 2560K, 0% used [0x00000000eb580000,0x00000000eb580000,0x00000000eb800000)
 ParOldGen       total 492032K, used 491845K [0x00000000c0000000, 0x00000000de080000, 0x00000000eab00000)
  object space 492032K, 99% used [0x00000000c0000000,0x00000000de051750,0x00000000de080000)
 Metaspace       used 95302K, committed 96896K, reserved 1179648K
  class space    used 9107K, committed 9856K, reserved 1048576K
}
Event: 533881.616 GC heap before
{Heap before GC invocations=5943 (full 12):
 PSYoungGen      total 12288K, used 12084K [0x00000000eab00000, 0x00000000eba80000, 0x0000000100000000)
  eden space 10240K, 100% used [0x00000000eab00000,0x00000000eb500000,0x00000000eb500000)
  from space 2048K, 90% used [0x00000000eb880000,0x00000000eba4d220,0x00000000eba80000)
  to   space 2560K, 0% used [0x00000000eb580000,0x00000000eb580000,0x00000000eb800000)
 ParOldGen       total 492032K, used 491845K [0x00000000c0000000, 0x00000000de080000, 0x00000000eab00000)
  object space 492032K, 99% used [0x00000000c0000000,0x00000000de051750,0x00000000de080000)
 Metaspace       used 95302K, committed 96896K, reserved 1179648K
  class space    used 9107K, committed 9856K, reserved 1048576K
}
Event: 533881.620 GC heap after
{Heap after GC invocations=5943 (full 12):
 PSYoungGen      total 12800K, used 2553K [0x00000000eab00000, 0x00000000ebb00000, 0x0000000100000000)
  eden space 10240K, 0% used [0x00000000eab00000,0x00000000eab00000,0x00000000eb500000)
  from space 2560K, 99% used [0x00000000eb580000,0x00000000eb7fe410,0x00000000eb800000)
  to   space 3072K, 0% used [0x00000000eb800000,0x00000000eb800000,0x00000000ebb00000)
 ParOldGen       total 492544K, used 492149K [0x00000000c0000000, 0x00000000de100000, 0x00000000eab00000)
  object space 492544K, 99% used [0x00000000c0000000,0x00000000de09d770,0x00000000de100000)
 Metaspace       used 95302K, committed 96896K, reserved 1179648K
  class space    used 9107K, committed 9856K, reserved 1048576K
}
Event: 533881.903 GC heap before
{Heap before GC invocations=5944 (full 12):
 PSYoungGen      total 12800K, used 12793K [0x00000000eab00000, 0x00000000ebb00000, 0x0000000100000000)
  eden space 10240K, 100% used [0x00000000eab00000,0x00000000eb500000,0x00000000eb500000)
  from space 2560K, 99% used [0x00000000eb580000,0x00000000eb7fe410,0x00000000eb800000)
  to   space 3072K, 0% used [0x00000000eb800000,0x00000000eb800000,0x00000000ebb00000)
 ParOldGen       total 492544K, used 492149K [0x00000000c0000000, 0x00000000de100000, 0x00000000eab00000)
  object space 492544K, 99% used [0x00000000c0000000,0x00000000de09d770,0x00000000de100000)
 Metaspace       used 95302K, committed 96896K, reserved 1179648K
  class space    used 9107K, committed 9856K, reserved 1048576K
}
Event: 533881.907 GC heap after
{Heap after GC invocations=5944 (full 12):
 PSYoungGen      total 11776K, used 1112K [0x00000000eab00000, 0x00000000eb980000, 0x0000000100000000)
  eden space 10240K, 0% used [0x00000000eab00000,0x00000000eab00000,0x00000000eb500000)
  from space 1536K, 72% used [0x00000000eb800000,0x00000000eb916010,0x00000000eb980000)
  to   space 2048K, 0% used [0x00000000eb580000,0x00000000eb580000,0x00000000eb780000)
 ParOldGen       total 494080K, used 493690K [0x00000000c0000000, 0x00000000de280000, 0x00000000eab00000)
  object space 494080K, 99% used [0x00000000c0000000,0x00000000de21e8d0,0x00000000de280000)
 Metaspace       used 95302K, committed 96896K, reserved 1179648K
  class space    used 9107K, committed 9856K, reserved 1048576K
}
Event: 533881.960 GC heap before
{Heap before GC invocations=5945 (full 12):
 PSYoungGen      total 11776K, used 11352K [0x00000000eab00000, 0x00000000eb980000, 0x0000000100000000)
  eden space 10240K, 100% used [0x00000000eab00000,0x00000000eb500000,0x00000000eb500000)
  from space 1536K, 72% used [0x00000000eb800000,0x00000000eb916010,0x00000000eb980000)
  to   space 2048K, 0% used [0x00000000eb580000,0x00000000eb580000,0x00000000eb780000)
 ParOldGen       total 494080K, used 493690K [0x00000000c0000000, 0x00000000de280000, 0x00000000eab00000)
  object space 494080K, 99% used [0x00000000c0000000,0x00000000de21e8d0,0x00000000de280000)
 Metaspace       used 95302K, committed 96896K, reserved 1179648K
  class space    used 9107K, committed 9856K, reserved 1048576K
}
Event: 533881.964 GC heap after
{Heap after GC invocations=5945 (full 12):
 PSYoungGen      total 12288K, used 2044K [0x00000000eab00000, 0x00000000eba00000, 0x0000000100000000)
  eden space 10240K, 0% used [0x00000000eab00000,0x00000000eab00000,0x00000000eb500000)
  from space 2048K, 99% used [0x00000000eb580000,0x00000000eb77f220,0x00000000eb780000)
  to   space 2560K, 0% used [0x00000000eb780000,0x00000000eb780000,0x00000000eba00000)
 ParOldGen       total 494080K, used 493706K [0x00000000c0000000, 0x00000000de280000, 0x00000000eab00000)
  object space 494080K, 99% used [0x00000000c0000000,0x00000000de2228d0,0x00000000de280000)
 Metaspace       used 95302K, committed 96896K, reserved 1179648K
  class space    used 9107K, committed 9856K, reserved 1048576K
}
Event: 533882.183 GC heap before
{Heap before GC invocations=5946 (full 12):
 PSYoungGen      total 12288K, used 12284K [0x00000000eab00000, 0x00000000eba00000, 0x0000000100000000)
  eden space 10240K, 100% used [0x00000000eab00000,0x00000000eb500000,0x00000000eb500000)
  from space 2048K, 99% used [0x00000000eb580000,0x00000000eb77f220,0x00000000eb780000)
  to   space 2560K, 0% used [0x00000000eb780000,0x00000000eb780000,0x00000000eba00000)
 ParOldGen       total 494080K, used 493706K [0x00000000c0000000, 0x00000000de280000, 0x00000000eab00000)
  object space 494080K, 99% used [0x00000000c0000000,0x00000000de2228d0,0x00000000de280000)
 Metaspace       used 95302K, committed 96896K, reserved 1179648K
  class space    used 9107K, committed 9856K, reserved 1048576K
}
Event: 533882.187 GC heap after
{Heap after GC invocations=5946 (full 12):
 PSYoungGen      total 11776K, used 1060K [0x00000000eab00000, 0x00000000eb900000, 0x0000000100000000)
  eden space 10240K, 0% used [0x00000000eab00000,0x00000000eab00000,0x00000000eb500000)
  from space 1536K, 69% used [0x00000000eb780000,0x00000000eb889210,0x00000000eb900000)
  to   space 1536K, 0% used [0x00000000eb600000,0x00000000eb600000,0x00000000eb780000)
 ParOldGen       total 495104K, used 494676K [0x00000000c0000000, 0x00000000de380000, 0x00000000eab00000)
  object space 495104K, 99% used [0x00000000c0000000,0x00000000de3153e8,0x00000000de380000)
 Metaspace       used 95302K, committed 96896K, reserved 1179648K
  class space    used 9107K, committed 9856K, reserved 1048576K
}
Event: 533882.239 GC heap before
{Heap before GC invocations=5947 (full 12):
 PSYoungGen      total 11776K, used 11300K [0x00000000eab00000, 0x00000000eb900000, 0x0000000100000000)
  eden space 10240K, 100% used [0x00000000eab00000,0x00000000eb500000,0x00000000eb500000)
  from space 1536K, 69% used [0x00000000eb780000,0x00000000eb889210,0x00000000eb900000)
  to   space 1536K, 0% used [0x00000000eb600000,0x00000000eb600000,0x00000000eb780000)
 ParOldGen       total 495104K, used 494676K [0x00000000c0000000, 0x00000000de380000, 0x00000000eab00000)
  object space 495104K, 99% used [0x00000000c0000000,0x00000000de3153e8,0x00000000de380000)
 Metaspace       used 95303K, committed 96896K, reserved 1179648K
  class space    used 9107K, committed 9856K, reserved 1048576K
}
Event: 533882.244 GC heap after
{Heap after GC invocations=5947 (full 12):
 PSYoungGen      total 11776K, used 1162K [0x00000000eab00000, 0x00000000eb800000, 0x0000000100000000)
  eden space 10240K, 0% used [0x00000000eab00000,0x00000000eab00000,0x00000000eb500000)
  from space 1536K, 75% used [0x00000000eb600000,0x00000000eb722910,0x00000000eb780000)
  to   space 512K, 0% used [0x00000000eb780000,0x00000000eb780000,0x00000000eb800000)
 ParOldGen       total 495104K, used 494676K [0x00000000c0000000, 0x00000000de380000, 0x00000000eab00000)
  object space 495104K, 99% used [0x00000000c0000000,0x00000000de3153e8,0x00000000de380000)
 Metaspace       used 95303K, committed 96896K, reserved 1179648K
  class space    used 9107K, committed 9856K, reserved 1048576K
}
Event: 533883.225 GC heap before
{Heap before GC invocations=5948 (full 12):
 PSYoungGen      total 11776K, used 11402K [0x00000000eab00000, 0x00000000eb800000, 0x0000000100000000)
  eden space 10240K, 100% used [0x00000000eab00000,0x00000000eb500000,0x00000000eb500000)
  from space 1536K, 75% used [0x00000000eb600000,0x00000000eb722910,0x00000000eb780000)
  to   space 512K, 0% used [0x00000000eb780000,0x00000000eb780000,0x00000000eb800000)
 ParOldGen       total 495104K, used 494676K [0x00000000c0000000, 0x00000000de380000, 0x00000000eab00000)
  object space 495104K, 99% used [0x00000000c0000000,0x00000000de3153e8,0x00000000de380000)
 Metaspace       used 95303K, committed 96896K, reserved 1179648K
  class space    used 9107K, committed 9856K, reserved 1048576K
}
Event: 533883.229 GC heap after
{Heap after GC invocations=5948 (full 12):
 PSYoungGen      total 10752K, used 500K [0x00000000eab00000, 0x00000000eb800000, 0x0000000100000000)
  eden space 10240K, 0% used [0x00000000eab00000,0x00000000eab00000,0x00000000eb500000)
  from space 512K, 97% used [0x00000000eb780000,0x00000000eb7fd200,0x00000000eb800000)
  to   space 1536K, 0% used [0x00000000eb500000,0x00000000eb500000,0x00000000eb680000)
 ParOldGen       total 495616K, used 495125K [0x00000000c0000000, 0x00000000de400000, 0x00000000eab00000)
  object space 495616K, 99% used [0x00000000c0000000,0x00000000de385438,0x00000000de400000)
 Metaspace       used 95303K, committed 96896K, reserved 1179648K
  class space    used 9107K, committed 9856K, reserved 1048576K
}

Dll operation events (12 events):
Event: 0.029 Loaded shared library c:\Users\landr\.vscode\extensions\redhat.java-1.42.0-win32-x64\jre\21.0.7-win32-x86_64\bin\java.dll
Event: 0.331 Loaded shared library c:\Users\landr\.vscode\extensions\redhat.java-1.42.0-win32-x64\jre\21.0.7-win32-x86_64\bin\zip.dll
Event: 0.411 Loaded shared library C:\Users\landr\.vscode\extensions\redhat.java-1.42.0-win32-x64\jre\21.0.7-win32-x86_64\bin\instrument.dll
Event: 0.423 Loaded shared library C:\Users\landr\.vscode\extensions\redhat.java-1.42.0-win32-x64\jre\21.0.7-win32-x86_64\bin\net.dll
Event: 0.429 Loaded shared library C:\Users\landr\.vscode\extensions\redhat.java-1.42.0-win32-x64\jre\21.0.7-win32-x86_64\bin\nio.dll
Event: 0.437 Loaded shared library C:\Users\landr\.vscode\extensions\redhat.java-1.42.0-win32-x64\jre\21.0.7-win32-x86_64\bin\zip.dll
Event: 0.511 Loaded shared library C:\Users\landr\.vscode\extensions\redhat.java-1.42.0-win32-x64\jre\21.0.7-win32-x86_64\bin\jimage.dll
Event: 1.071 Loaded shared library c:\Users\landr\.vscode\extensions\redhat.java-1.42.0-win32-x64\jre\21.0.7-win32-x86_64\bin\verify.dll
Event: 22.830 Loaded shared library C:\Users\landr\AppData\Roaming\Code\User\globalStorage\redhat.java\1.42.0\config_win\org.eclipse.equinox.launcher\org.eclipse.equinox.launcher.win32.win32.x86_64_1.2.1300.v20250331-1702\eclipse_11911.dll
Event: 45.685 Loaded shared library C:\Users\landr\AppData\Local\Temp\jna-102738919\jna3239962622491980306.dll
Event: 49.628 Loaded shared library C:\Users\landr\.vscode\extensions\redhat.java-1.42.0-win32-x64\jre\21.0.7-win32-x86_64\bin\sunmscapi.dll
Event: 50.981 Loaded shared library C:\Users\landr\.vscode\extensions\redhat.java-1.42.0-win32-x64\jre\21.0.7-win32-x86_64\bin\extnet.dll

Deoptimization events (20 events):
Event: 533794.587 Thread 0x000001d70db86ea0 Uncommon trap: trap_request=0xffffffd6 fr.pc=0x000001d6ba478f00 relative=0x0000000000000960
Event: 533794.587 Thread 0x000001d70db86ea0 Uncommon trap: reason=array_check action=maybe_recompile pc=0x000001d6ba478f00 method=org.eclipse.jdt.internal.compiler.lookup.InferenceSubstitution.addContext(Lorg/eclipse/jdt/internal/compiler/lookup/InferenceContext18;)Lorg/eclipse/jdt/internal/compile
Event: 533794.587 Thread 0x000001d70db86ea0 DEOPT PACKING pc=0x000001d6ba478f00 sp=0x000000175aefdc20
Event: 533794.587 Thread 0x000001d70db86ea0 DEOPT UNPACKING pc=0x000001d6b9313aa2 sp=0x000000175aefdad0 mode 2
Event: 533794.729 Thread 0x000001d70db86ea0 Uncommon trap: trap_request=0xffffffd6 fr.pc=0x000001d6ba478f00 relative=0x0000000000000960
Event: 533794.729 Thread 0x000001d70db86ea0 Uncommon trap: reason=array_check action=maybe_recompile pc=0x000001d6ba478f00 method=org.eclipse.jdt.internal.compiler.lookup.InferenceSubstitution.addContext(Lorg/eclipse/jdt/internal/compiler/lookup/InferenceContext18;)Lorg/eclipse/jdt/internal/compile
Event: 533794.729 Thread 0x000001d70db86ea0 DEOPT PACKING pc=0x000001d6ba478f00 sp=0x000000175aefddb0
Event: 533794.729 Thread 0x000001d70db86ea0 DEOPT UNPACKING pc=0x000001d6b9313aa2 sp=0x000000175aefdc60 mode 2
Event: 533836.658 Thread 0x000001d70db86810 Uncommon trap: trap_request=0xffffff45 fr.pc=0x000001d6b98ce90c relative=0x00000000000001ec
Event: 533836.658 Thread 0x000001d70db86810 Uncommon trap: reason=unstable_if action=reinterpret pc=0x000001d6b98ce90c method=java.io.ByteArrayInputStream.skip(J)J @ 14 c2
Event: 533836.658 Thread 0x000001d70db86810 DEOPT PACKING pc=0x000001d6b98ce90c sp=0x000000175abfe390
Event: 533836.658 Thread 0x000001d70db86810 DEOPT UNPACKING pc=0x000001d6b9313aa2 sp=0x000000175abfe328 mode 2
Event: 533836.665 Thread 0x000001d70db86810 Uncommon trap: trap_request=0xffffff45 fr.pc=0x000001d6bb07c100 relative=0x0000000000002e20
Event: 533836.665 Thread 0x000001d70db86810 Uncommon trap: reason=unstable_if action=reinterpret pc=0x000001d6bb07c100 method=org.eclipse.jdt.internal.core.util.HashtableOfArrayToObject.containsKey([Ljava/lang/Object;)Z @ 26 c2
Event: 533836.665 Thread 0x000001d70db86810 DEOPT PACKING pc=0x000001d6bb07c100 sp=0x000000175abfeb20
Event: 533836.665 Thread 0x000001d70db86810 DEOPT UNPACKING pc=0x000001d6b9313aa2 sp=0x000000175abfea50 mode 2
Event: 533864.538 Thread 0x000001d7067aec70 Uncommon trap: trap_request=0xffffffde fr.pc=0x000001d6b9da525c relative=0x000000000000157c
Event: 533864.538 Thread 0x000001d7067aec70 Uncommon trap: reason=class_check action=maybe_recompile pc=0x000001d6b9da525c method=org.eclipse.jdt.internal.core.search.indexing.IndexManager.updateMetaIndex(Ljava/lang/String;Ljava/util/List;)V @ 91 c2
Event: 533864.538 Thread 0x000001d7067aec70 DEOPT PACKING pc=0x000001d6b9da525c sp=0x000000175acff1a0
Event: 533864.538 Thread 0x000001d7067aec70 DEOPT UNPACKING pc=0x000001d6b9313aa2 sp=0x000000175acff1b0 mode 2

Classes loaded (20 events):
Event: 532557.902 Loading class jdk/internal/module/IllegalAccessLogger
Event: 532557.902 Loading class jdk/internal/module/IllegalAccessLogger done
Event: 532668.532 Loading class jdk/internal/module/IllegalAccessLogger
Event: 532668.532 Loading class jdk/internal/module/IllegalAccessLogger done
Event: 532673.674 Loading class jdk/internal/module/IllegalAccessLogger
Event: 532673.674 Loading class jdk/internal/module/IllegalAccessLogger done
Event: 532689.869 Loading class jdk/internal/module/IllegalAccessLogger
Event: 532689.869 Loading class jdk/internal/module/IllegalAccessLogger done
Event: 533003.134 Loading class jdk/internal/module/IllegalAccessLogger
Event: 533003.134 Loading class jdk/internal/module/IllegalAccessLogger done
Event: 533615.148 Loading class jdk/internal/module/IllegalAccessLogger
Event: 533615.148 Loading class jdk/internal/module/IllegalAccessLogger done
Event: 533634.000 Loading class jdk/internal/module/IllegalAccessLogger
Event: 533634.000 Loading class jdk/internal/module/IllegalAccessLogger done
Event: 533645.247 Loading class jdk/internal/module/IllegalAccessLogger
Event: 533645.247 Loading class jdk/internal/module/IllegalAccessLogger done
Event: 533657.482 Loading class jdk/internal/module/IllegalAccessLogger
Event: 533657.482 Loading class jdk/internal/module/IllegalAccessLogger done
Event: 533667.732 Loading class jdk/internal/module/IllegalAccessLogger
Event: 533667.732 Loading class jdk/internal/module/IllegalAccessLogger done

Classes unloaded (20 events):
Event: 532436.255 Thread 0x000001d6c36c1e20 Unloading class 0x000001d6c56b5400 'jdk/internal/reflect/GeneratedSerializationConstructorAccessor94'
Event: 532436.255 Thread 0x000001d6c36c1e20 Unloading class 0x000001d6c56b5800 'jdk/internal/reflect/GeneratedSerializationConstructorAccessor93'
Event: 532436.255 Thread 0x000001d6c36c1e20 Unloading class 0x000001d6c56bc000 'jdk/internal/reflect/GeneratedSerializationConstructorAccessor92'
Event: 532436.255 Thread 0x000001d6c36c1e20 Unloading class 0x000001d6c56bc800 'jdk/internal/reflect/GeneratedSerializationConstructorAccessor91'
Event: 532436.255 Thread 0x000001d6c36c1e20 Unloading class 0x000001d6c56e0400 'jdk/internal/reflect/GeneratedSerializationConstructorAccessor90'
Event: 532436.255 Thread 0x000001d6c36c1e20 Unloading class 0x000001d6c56e0c00 'jdk/internal/reflect/GeneratedSerializationConstructorAccessor89'
Event: 532436.255 Thread 0x000001d6c36c1e20 Unloading class 0x000001d6c519cc00 'java/lang/invoke/LambdaForm$BMH+0x000001d6c519cc00'
Event: 532436.255 Thread 0x000001d6c36c1e20 Unloading class 0x000001d6c5172800 'java/lang/invoke/LambdaForm$MH+0x000001d6c5172800'
Event: 532436.255 Thread 0x000001d6c36c1e20 Unloading class 0x000001d6c500d800 'java/lang/invoke/LambdaForm$MH+0x000001d6c500d800'
Event: 533657.649 Thread 0x000001d6c36c1e20 Unloading class 0x000001d6c56b5400 'java/lang/invoke/LambdaForm$MH+0x000001d6c56b5400'
Event: 533657.649 Thread 0x000001d6c36c1e20 Unloading class 0x000001d6c55f0000 'java/lang/invoke/LambdaForm$MH+0x000001d6c55f0000'
Event: 533657.649 Thread 0x000001d6c36c1e20 Unloading class 0x000001d6c5173000 'java/lang/invoke/LambdaForm$MH+0x000001d6c5173000'
Event: 533657.649 Thread 0x000001d6c36c1e20 Unloading class 0x000001d6c5978800 'java/lang/invoke/LambdaForm$BMH+0x000001d6c5978800'
Event: 533657.649 Thread 0x000001d6c36c1e20 Unloading class 0x000001d6c5990000 'java/lang/invoke/LambdaForm$MH+0x000001d6c5990000'
Event: 533657.649 Thread 0x000001d6c36c1e20 Unloading class 0x000001d6c5225c00 'java/lang/invoke/LambdaForm$MH+0x000001d6c5225c00'
Event: 533657.649 Thread 0x000001d6c36c1e20 Unloading class 0x000001d6c5225800 'java/lang/invoke/LambdaForm$MH+0x000001d6c5225800'
Event: 533657.649 Thread 0x000001d6c36c1e20 Unloading class 0x000001d6c522a400 'java/lang/invoke/LambdaForm$MH+0x000001d6c522a400'
Event: 533657.649 Thread 0x000001d6c36c1e20 Unloading class 0x000001d6c522c400 'java/lang/invoke/LambdaForm$MH+0x000001d6c522c400'
Event: 533657.649 Thread 0x000001d6c36c1e20 Unloading class 0x000001d6c522c000 'java/lang/invoke/LambdaForm$MH+0x000001d6c522c000'
Event: 533657.649 Thread 0x000001d6c36c1e20 Unloading class 0x000001d6c524bc00 'java/lang/invoke/LambdaForm$MH+0x000001d6c524bc00'

Classes redefined (0 events):
No events

Internal exceptions (20 events):
Event: 533283.949 Thread 0x000001d70db83390 Exception <a 'java/lang/ClassNotFoundException'{0x00000000eb2ac6c8}: sun/net/www/protocol/jdt/Handler> (0x00000000eb2ac6c8) 
thrown [s\src\hotspot\share\classfile\systemDictionary.cpp, line 312]
Event: 533283.949 Thread 0x000001d70db83390 Exception <a 'java/lang/ClassNotFoundException'{0x00000000eb2aeee0}: sun/net/www/protocol/jdt/Handler> (0x00000000eb2aeee0) 
thrown [s\src\hotspot\share\classfile\systemDictionary.cpp, line 312]
Event: 533614.968 Thread 0x000001d7067aec70 Exception <a 'sun/nio/fs/WindowsException'{0x00000000eaf974a0}> (0x00000000eaf974a0) 
thrown [s\src\hotspot\share\prims\jni.cpp, line 520]
Event: 533615.625 Thread 0x000001d7067aec70 Exception <a 'sun/nio/fs/WindowsException'{0x00000000eab00748}> (0x00000000eab00748) 
thrown [s\src\hotspot\share\prims\jni.cpp, line 520]
Event: 533618.212 Thread 0x000001d70f13ff10 Implicit null exception at 0x000001d6b9a80c85 to 0x000001d6b9a81138
Event: 533618.410 Thread 0x000001d70db84dd0 Implicit null exception at 0x000001d6b9943d22 to 0x000001d6b9944260
Event: 533618.410 Thread 0x000001d70db84dd0 Implicit null exception at 0x000001d6b9e792e6 to 0x000001d6b9e7a420
Event: 533618.414 Thread 0x000001d70db84dd0 Implicit null exception at 0x000001d6bad395c2 to 0x000001d6bad46b5c
Event: 533633.785 Thread 0x000001d7067aec70 Exception <a 'sun/nio/fs/WindowsException'{0x00000000eacb0120}> (0x00000000eacb0120) 
thrown [s\src\hotspot\share\prims\jni.cpp, line 520]
Event: 533634.348 Thread 0x000001d7067aec70 Exception <a 'sun/nio/fs/WindowsException'{0x00000000ead267c8}> (0x00000000ead267c8) 
thrown [s\src\hotspot\share\prims\jni.cpp, line 520]
Event: 533645.064 Thread 0x000001d7067aec70 Exception <a 'sun/nio/fs/WindowsException'{0x00000000eb0eff20}> (0x00000000eb0eff20) 
thrown [s\src\hotspot\share\prims\jni.cpp, line 520]
Event: 533645.639 Thread 0x000001d7067aec70 Exception <a 'sun/nio/fs/WindowsException'{0x00000000eab19c90}> (0x00000000eab19c90) 
thrown [s\src\hotspot\share\prims\jni.cpp, line 520]
Event: 533657.135 Thread 0x000001d7067aec70 Exception <a 'sun/nio/fs/WindowsException'{0x00000000ead5d108}> (0x00000000ead5d108) 
thrown [s\src\hotspot\share\prims\jni.cpp, line 520]
Event: 533658.488 Thread 0x000001d7067aec70 Exception <a 'sun/nio/fs/WindowsException'{0x00000000eb113f80}> (0x00000000eb113f80) 
thrown [s\src\hotspot\share\prims\jni.cpp, line 520]
Event: 533664.824 Thread 0x000001d70db84dd0 Implicit null exception at 0x000001d6ba39937e to 0x000001d6ba39a6a4
Event: 533664.827 Thread 0x000001d70db84dd0 Implicit null exception at 0x000001d6baa7b0d8 to 0x000001d6baa7e488
Event: 533667.555 Thread 0x000001d7067aec70 Exception <a 'sun/nio/fs/WindowsException'{0x00000000eb4b6508}> (0x00000000eb4b6508) 
thrown [s\src\hotspot\share\prims\jni.cpp, line 520]
Event: 533668.171 Thread 0x000001d7067aec70 Exception <a 'sun/nio/fs/WindowsException'{0x00000000eac537f8}> (0x00000000eac537f8) 
thrown [s\src\hotspot\share\prims\jni.cpp, line 520]
Event: 533863.579 Thread 0x000001d7067aec70 Exception <a 'sun/nio/fs/WindowsException'{0x00000000eae6e3b0}> (0x00000000eae6e3b0) 
thrown [s\src\hotspot\share\prims\jni.cpp, line 520]
Event: 533864.534 Thread 0x000001d7067aec70 Exception <a 'sun/nio/fs/WindowsException'{0x00000000eafe2f78}> (0x00000000eafe2f78) 
thrown [s\src\hotspot\share\prims\jni.cpp, line 520]

ZGC Phase Switch (0 events):
No events

VM Operations (20 events):
Event: 533880.334 Executing VM operation: ParallelGCFailedAllocation (Allocation Failure)
Event: 533880.338 Executing VM operation: ParallelGCFailedAllocation (Allocation Failure) done
Event: 533880.749 Executing VM operation: ParallelGCFailedAllocation (Allocation Failure)
Event: 533880.754 Executing VM operation: ParallelGCFailedAllocation (Allocation Failure) done
Event: 533880.804 Executing VM operation: ParallelGCFailedAllocation (Allocation Failure)
Event: 533880.808 Executing VM operation: ParallelGCFailedAllocation (Allocation Failure) done
Event: 533881.549 Executing VM operation: ParallelGCFailedAllocation (Allocation Failure)
Event: 533881.555 Executing VM operation: ParallelGCFailedAllocation (Allocation Failure) done
Event: 533881.616 Executing VM operation: ParallelGCFailedAllocation (Allocation Failure)
Event: 533881.620 Executing VM operation: ParallelGCFailedAllocation (Allocation Failure) done
Event: 533881.903 Executing VM operation: ParallelGCFailedAllocation (Allocation Failure)
Event: 533881.907 Executing VM operation: ParallelGCFailedAllocation (Allocation Failure) done
Event: 533881.960 Executing VM operation: ParallelGCFailedAllocation (Allocation Failure)
Event: 533881.964 Executing VM operation: ParallelGCFailedAllocation (Allocation Failure) done
Event: 533882.183 Executing VM operation: ParallelGCFailedAllocation (Allocation Failure)
Event: 533882.187 Executing VM operation: ParallelGCFailedAllocation (Allocation Failure) done
Event: 533882.239 Executing VM operation: ParallelGCFailedAllocation (Allocation Failure)
Event: 533882.244 Executing VM operation: ParallelGCFailedAllocation (Allocation Failure) done
Event: 533883.225 Executing VM operation: ParallelGCFailedAllocation (Allocation Failure)
Event: 533883.229 Executing VM operation: ParallelGCFailedAllocation (Allocation Failure) done

Memory protections (0 events):
No events

Nmethod flushes (20 events):
Event: 533657.776 Thread 0x000001d6c36c1e20 flushing  nmethod 0x000001d6b4c3d690
Event: 533657.776 Thread 0x000001d6c36c1e20 flushing  nmethod 0x000001d6b4c47610
Event: 533657.776 Thread 0x000001d6c36c1e20 flushing  nmethod 0x000001d6b4c48810
Event: 533657.776 Thread 0x000001d6c36c1e20 flushing  nmethod 0x000001d6b4c4c990
Event: 533657.776 Thread 0x000001d6c36c1e20 flushing  nmethod 0x000001d6b4c5f790
Event: 533657.776 Thread 0x000001d6c36c1e20 flushing  nmethod 0x000001d6b4c75190
Event: 533657.776 Thread 0x000001d6c36c1e20 flushing  nmethod 0x000001d6b4cc6c90
Event: 533657.776 Thread 0x000001d6c36c1e20 flushing  nmethod 0x000001d6b4cdf510
Event: 533657.776 Thread 0x000001d6c36c1e20 flushing  nmethod 0x000001d6b4d1bb10
Event: 533657.776 Thread 0x000001d6c36c1e20 flushing  nmethod 0x000001d6b4d21710
Event: 533657.776 Thread 0x000001d6c36c1e20 flushing  nmethod 0x000001d6b4d3a610
Event: 533657.776 Thread 0x000001d6c36c1e20 flushing  nmethod 0x000001d6b4d78f90
Event: 533657.776 Thread 0x000001d6c36c1e20 flushing  nmethod 0x000001d6b4d90610
Event: 533657.776 Thread 0x000001d6c36c1e20 flushing  nmethod 0x000001d6b4d91590
Event: 533657.776 Thread 0x000001d6c36c1e20 flushing  nmethod 0x000001d6b4db1790
Event: 533657.776 Thread 0x000001d6c36c1e20 flushing  nmethod 0x000001d6b4e60d90
Event: 533657.776 Thread 0x000001d6c36c1e20 flushing  nmethod 0x000001d6b4e64290
Event: 533657.776 Thread 0x000001d6c36c1e20 flushing  nmethod 0x000001d6b4f11910
Event: 533657.776 Thread 0x000001d6c36c1e20 flushing  nmethod 0x000001d6b4f5ff10
Event: 533657.776 Thread 0x000001d6c36c1e20 flushing  nmethod 0x000001d6b4f6ed10

Events (20 events):
Event: 533598.444 Thread 0x000001d70dacc760 Thread added: 0x000001d70db83390
Event: 533610.114 Thread 0x000001d70f13ff10 Thread added: 0x000001d70db86ea0
Event: 533615.083 Thread 0x000001d70db83390 Thread added: 0x000001d70db83a20
Event: 533615.149 Thread 0x000001d70db83390 Thread added: 0x000001d70db87530
Event: 533633.721 Thread 0x000001d70f1405a0 Thread added: 0x000001d70db84740
Event: 533633.922 Thread 0x000001d70db86ea0 Thread added: 0x000001d70db89600
Event: 533645.171 Thread 0x000001d70db84740 Thread added: 0x000001d70db88250
Event: 533657.326 Thread 0x000001d70f1405a0 Thread added: 0x000001d70dacb3b0
Event: 533667.647 Thread 0x000001d70db84740 Thread added: 0x000001d70daccdf0
Event: 533727.748 Thread 0x000001d70db87530 Thread exited: 0x000001d70db87530
Event: 533735.854 Thread 0x000001d70db86810 Thread added: 0x000001d70dacdb10
Event: 533735.854 Thread 0x000001d70dacdb10 Thread exited: 0x000001d70dacdb10
Event: 533738.911 Thread 0x000001d70f1405a0 Thread exited: 0x000001d70f1405a0
Event: 533738.911 Thread 0x000001d70f13ff10 Thread exited: 0x000001d70f13ff10
Event: 533738.911 Thread 0x000001d70db83390 Thread exited: 0x000001d70db83390
Event: 533791.175 Thread 0x000001d70db84740 Thread added: 0x000001d70dacd480
Event: 533791.256 Thread 0x000001d70db84740 Thread added: 0x000001d70dacdb10
Event: 533791.286 Thread 0x000001d70db86ea0 Thread added: 0x000001d70f13d7b0
Event: 533792.656 Thread 0x000001d70db84740 Thread added: 0x000001d70f13f1f0
Event: 533859.215 Thread 0x000001d70db86ea0 Thread exited: 0x000001d70db86ea0


Dynamic libraries:
0x00007ff777590000 - 0x00007ff77759e000 	c:\Users\landr\.vscode\extensions\redhat.java-1.42.0-win32-x64\jre\21.0.7-win32-x86_64\bin\java.exe
0x00007ffa2b4e0000 - 0x00007ffa2b745000 	C:\WINDOWS\SYSTEM32\ntdll.dll
0x00007ffa2a190000 - 0x00007ffa2a259000 	C:\WINDOWS\System32\KERNEL32.DLL
0x00007ffa28c40000 - 0x00007ffa29028000 	C:\WINDOWS\System32\KERNELBASE.dll
0x00007ffa286c0000 - 0x00007ffa2880b000 	C:\WINDOWS\System32\ucrtbase.dll
0x00007ff9cd850000 - 0x00007ff9cd868000 	c:\Users\landr\.vscode\extensions\redhat.java-1.42.0-win32-x64\jre\21.0.7-win32-x86_64\bin\jli.dll
0x00007ffa11650000 - 0x00007ffa1166e000 	c:\Users\landr\.vscode\extensions\redhat.java-1.42.0-win32-x64\jre\21.0.7-win32-x86_64\bin\VCRUNTIME140.dll
0x00007ffa29460000 - 0x00007ffa2962a000 	C:\WINDOWS\System32\USER32.dll
0x00007ffa29250000 - 0x00007ffa29277000 	C:\WINDOWS\System32\win32u.dll
0x00007ffa0bdb0000 - 0x00007ffa0c04a000 	C:\WINDOWS\WinSxS\amd64_microsoft.windows.common-controls_6595b64144ccf1df_6.0.26100.4202_none_3e0698d4e335f517\COMCTL32.dll
0x00007ffa2a2f0000 - 0x00007ffa2a399000 	C:\WINDOWS\System32\msvcrt.dll
0x00007ffa2a100000 - 0x00007ffa2a12b000 	C:\WINDOWS\System32\GDI32.dll
0x00007ffa288c0000 - 0x00007ffa289f7000 	C:\WINDOWS\System32\gdi32full.dll
0x00007ffa28810000 - 0x00007ffa288b3000 	C:\WINDOWS\System32\msvcp_win.dll
0x00007ffa29c80000 - 0x00007ffa29cb0000 	C:\WINDOWS\System32\IMM32.DLL
0x00007ffa231f0000 - 0x00007ffa231fc000 	c:\Users\landr\.vscode\extensions\redhat.java-1.42.0-win32-x64\jre\21.0.7-win32-x86_64\bin\vcruntime140_1.dll
0x00007ff9b7480000 - 0x00007ff9b750d000 	c:\Users\landr\.vscode\extensions\redhat.java-1.42.0-win32-x64\jre\21.0.7-win32-x86_64\bin\msvcp140.dll
0x00007ff97fb60000 - 0x00007ff9808f0000 	c:\Users\landr\.vscode\extensions\redhat.java-1.42.0-win32-x64\jre\21.0.7-win32-x86_64\bin\server\jvm.dll
0x00007ffa2abf0000 - 0x00007ffa2aca3000 	C:\WINDOWS\System32\ADVAPI32.dll
0x00007ffa29b90000 - 0x00007ffa29c36000 	C:\WINDOWS\System32\sechost.dll
0x00007ffa2ae20000 - 0x00007ffa2af35000 	C:\WINDOWS\System32\RPCRT4.dll
0x00007ffa2a3a0000 - 0x00007ffa2a414000 	C:\WINDOWS\System32\WS2_32.dll
0x00007ffa284a0000 - 0x00007ffa284fe000 	C:\WINDOWS\SYSTEM32\POWRPROF.dll
0x00007ffa200f0000 - 0x00007ffa20125000 	C:\WINDOWS\SYSTEM32\WINMM.dll
0x00007ffa20c00000 - 0x00007ffa20c0b000 	C:\WINDOWS\SYSTEM32\VERSION.dll
0x00007ffa28480000 - 0x00007ffa28494000 	C:\WINDOWS\SYSTEM32\UMPDC.dll
0x00007ffa273f0000 - 0x00007ffa2740b000 	C:\WINDOWS\SYSTEM32\kernel.appcore.dll
0x00007ffa1bb60000 - 0x00007ffa1bb6a000 	c:\Users\landr\.vscode\extensions\redhat.java-1.42.0-win32-x64\jre\21.0.7-win32-x86_64\bin\jimage.dll
0x00007ffa253c0000 - 0x00007ffa25601000 	C:\WINDOWS\SYSTEM32\DBGHELP.DLL
0x00007ffa29d70000 - 0x00007ffa2a0f5000 	C:\WINDOWS\System32\combase.dll
0x00007ffa29830000 - 0x00007ffa29911000 	C:\WINDOWS\System32\OLEAUT32.dll
0x00007ffa0bd70000 - 0x00007ffa0bda9000 	C:\WINDOWS\SYSTEM32\dbgcore.DLL
0x00007ffa291b0000 - 0x00007ffa29249000 	C:\WINDOWS\System32\bcryptPrimitives.dll
0x00007ffa11640000 - 0x00007ffa1164f000 	c:\Users\landr\.vscode\extensions\redhat.java-1.42.0-win32-x64\jre\21.0.7-win32-x86_64\bin\instrument.dll
0x00007ff9b96b0000 - 0x00007ff9b96cf000 	c:\Users\landr\.vscode\extensions\redhat.java-1.42.0-win32-x64\jre\21.0.7-win32-x86_64\bin\java.dll
0x00007ffa2a4a0000 - 0x00007ffa2abe2000 	C:\WINDOWS\System32\SHELL32.dll
0x00007ffa28a00000 - 0x00007ffa28b74000 	C:\WINDOWS\System32\wintypes.dll
0x00007ffa26280000 - 0x00007ffa26ad8000 	C:\WINDOWS\SYSTEM32\windows.storage.dll
0x00007ffa29730000 - 0x00007ffa29821000 	C:\WINDOWS\System32\SHCORE.dll
0x00007ffa2a420000 - 0x00007ffa2a48a000 	C:\WINDOWS\System32\shlwapi.dll
0x00007ffa28540000 - 0x00007ffa2856f000 	C:\WINDOWS\SYSTEM32\profapi.dll
0x00007ff9badd0000 - 0x00007ff9bade8000 	c:\Users\landr\.vscode\extensions\redhat.java-1.42.0-win32-x64\jre\21.0.7-win32-x86_64\bin\zip.dll
0x00007ffa02880000 - 0x00007ffa02890000 	C:\Users\landr\.vscode\extensions\redhat.java-1.42.0-win32-x64\jre\21.0.7-win32-x86_64\bin\net.dll
0x00007ffa20500000 - 0x00007ffa2061e000 	C:\WINDOWS\SYSTEM32\WINHTTP.dll
0x00007ffa27960000 - 0x00007ffa279ca000 	C:\WINDOWS\system32\mswsock.dll
0x00007ff9b96f0000 - 0x00007ff9b9706000 	C:\Users\landr\.vscode\extensions\redhat.java-1.42.0-win32-x64\jre\21.0.7-win32-x86_64\bin\nio.dll
0x00007ffa02870000 - 0x00007ffa02880000 	c:\Users\landr\.vscode\extensions\redhat.java-1.42.0-win32-x64\jre\21.0.7-win32-x86_64\bin\verify.dll
0x00007ff9b6c80000 - 0x00007ff9b6cc5000 	C:\Users\landr\AppData\Roaming\Code\User\globalStorage\redhat.java\1.42.0\config_win\org.eclipse.equinox.launcher\org.eclipse.equinox.launcher.win32.win32.x86_64_1.2.1300.v20250331-1702\eclipse_11911.dll
0x00007ffa299b0000 - 0x00007ffa29b4e000 	C:\WINDOWS\System32\ole32.dll
0x00007ffa27c20000 - 0x00007ffa27c3b000 	C:\WINDOWS\SYSTEM32\CRYPTSP.dll
0x00007ffa27350000 - 0x00007ffa2738a000 	C:\WINDOWS\system32\rsaenh.dll
0x00007ffa27a00000 - 0x00007ffa27a2b000 	C:\WINDOWS\SYSTEM32\USERENV.dll
0x00007ffa28510000 - 0x00007ffa28536000 	C:\WINDOWS\SYSTEM32\bcrypt.dll
0x00007ffa27c10000 - 0x00007ffa27c1c000 	C:\WINDOWS\SYSTEM32\CRYPTBASE.dll
0x00007ffa26e20000 - 0x00007ffa26e53000 	C:\WINDOWS\SYSTEM32\IPHLPAPI.DLL
0x00007ffa29c70000 - 0x00007ffa29c7a000 	C:\WINDOWS\System32\NSI.dll
0x00007ff9ce580000 - 0x00007ff9ce5c9000 	C:\Users\landr\AppData\Local\Temp\jna-102738919\jna3239962622491980306.dll
0x00007ffa2a490000 - 0x00007ffa2a498000 	C:\WINDOWS\System32\PSAPI.DLL
0x00007ffa20c10000 - 0x00007ffa20c2f000 	C:\WINDOWS\SYSTEM32\dhcpcsvc6.DLL
0x00007ffa20310000 - 0x00007ffa20335000 	C:\WINDOWS\SYSTEM32\dhcpcsvc.DLL
0x00007ff9ba740000 - 0x00007ff9ba74e000 	C:\Users\landr\.vscode\extensions\redhat.java-1.42.0-win32-x64\jre\21.0.7-win32-x86_64\bin\sunmscapi.dll
0x00007ffa29030000 - 0x00007ffa291a7000 	C:\WINDOWS\System32\CRYPT32.dll
0x00007ffa27e30000 - 0x00007ffa27e60000 	C:\WINDOWS\SYSTEM32\ncrypt.dll
0x00007ffa27de0000 - 0x00007ffa27e1f000 	C:\WINDOWS\SYSTEM32\NTASN1.dll
0x00007ffa26ec0000 - 0x00007ffa26fe7000 	C:\WINDOWS\SYSTEM32\DNSAPI.dll
0x00007ffa0f480000 - 0x00007ffa0f48b000 	C:\Windows\System32\rasadhlp.dll
0x00007ffa1d920000 - 0x00007ffa1d9a6000 	C:\WINDOWS\System32\fwpuclnt.dll
0x00007ff9b96e0000 - 0x00007ff9b96e9000 	C:\Users\landr\.vscode\extensions\redhat.java-1.42.0-win32-x64\jre\21.0.7-win32-x86_64\bin\extnet.dll

dbghelp: loaded successfully - version: 4.0.5 - missing functions: none
symbol engine: initialized successfully - sym options: 0x614 - pdb path: .;c:\Users\landr\.vscode\extensions\redhat.java-1.42.0-win32-x64\jre\21.0.7-win32-x86_64\bin;C:\WINDOWS\SYSTEM32;C:\WINDOWS\WinSxS\amd64_microsoft.windows.common-controls_6595b64144ccf1df_6.0.26100.4202_none_3e0698d4e335f517;c:\Users\landr\.vscode\extensions\redhat.java-1.42.0-win32-x64\jre\21.0.7-win32-x86_64\bin\server;C:\Users\landr\AppData\Roaming\Code\User\globalStorage\redhat.java\1.42.0\config_win\org.eclipse.equinox.launcher\org.eclipse.equinox.launcher.win32.win32.x86_64_1.2.1300.v20250331-1702;C:\Users\landr\AppData\Local\Temp\jna-102738919

VM Arguments:
jvm_args: --add-modules=ALL-SYSTEM --add-opens=java.base/java.util=ALL-UNNAMED --add-opens=java.base/java.lang=ALL-UNNAMED --add-opens=java.base/sun.nio.fs=ALL-UNNAMED -Declipse.application=org.eclipse.jdt.ls.core.id1 -Dosgi.bundles.defaultStartLevel=4 -Declipse.product=org.eclipse.jdt.ls.core.product -Djava.import.generatesMetadataFilesAtProjectRoot=false -DDetectVMInstallationsJob.disabled=true -Dfile.encoding=utf8 -XX:+UseParallelGC -XX:GCTimeRatio=4 -XX:AdaptiveSizePolicyWeight=90 -Dsun.zip.disableMemoryMapping=true -Xmx1G -Xms100m -Xlog:disable -javaagent:c:\Users\landr\.vscode\extensions\redhat.java-1.42.0-win32-x64\lombok\lombok-1.18.36.jar -XX:+HeapDumpOnOutOfMemoryError -XX:HeapDumpPath=c:\Users\landr\AppData\Roaming\Code\User\workspaceStorage\3c3ba6a5eeb949c6492a5509a9be835c\redhat.java -Daether.dependencyCollector.impl=bf 
java_command: c:\Users\landr\.vscode\extensions\redhat.java-1.42.0-win32-x64\server\plugins\org.eclipse.equinox.launcher_1.7.0.v20250424-1814.jar -configuration c:\Users\landr\AppData\Roaming\Code\User\globalStorage\redhat.java\1.42.0\config_win -data c:\Users\landr\AppData\Roaming\Code\User\workspaceStorage\3c3ba6a5eeb949c6492a5509a9be835c\redhat.java\jdt_ws --pipe=\\.\pipe\lsp-3280bd97756407313a2f58f6036d3294-sock
java_class_path (initial): c:\Users\landr\.vscode\extensions\redhat.java-1.42.0-win32-x64\server\plugins\org.eclipse.equinox.launcher_1.7.0.v20250424-1814.jar
Launcher Type: SUN_STANDARD

[Global flags]
    uintx AdaptiveSizePolicyWeight                 = 90                                        {product} {command line}
     intx CICompilerCount                          = 4                                         {product} {ergonomic}
    uintx GCTimeRatio                              = 4                                         {product} {command line}
     bool HeapDumpOnOutOfMemoryError               = true                                   {manageable} {command line}
    ccstr HeapDumpPath                             = c:\Users\landr\AppData\Roaming\Code\User\workspaceStorage\3c3ba6a5eeb949c6492a5509a9be835c\redhat.java         {manageable} {command line}
   size_t InitialHeapSize                          = 104857600                                 {product} {command line}
   size_t MaxHeapSize                              = 1073741824                                {product} {command line}
   size_t MaxNewSize                               = 357564416                                 {product} {ergonomic}
   size_t MinHeapDeltaBytes                        = 524288                                    {product} {ergonomic}
   size_t MinHeapSize                              = 104857600                                 {product} {command line}
   size_t NewSize                                  = 34603008                                  {product} {ergonomic}
    uintx NonNMethodCodeHeapSize                   = 5839372                                {pd product} {ergonomic}
    uintx NonProfiledCodeHeapSize                  = 122909434                              {pd product} {ergonomic}
   size_t OldSize                                  = 70254592                                  {product} {ergonomic}
    uintx ProfiledCodeHeapSize                     = 122909434                              {pd product} {ergonomic}
    uintx ReservedCodeCacheSize                    = 251658240                              {pd product} {ergonomic}
     bool SegmentedCodeCache                       = true                                      {product} {ergonomic}
   size_t SoftMaxHeapSize                          = 1073741824                             {manageable} {ergonomic}
     bool UseCompressedOops                        = true                           {product lp64_product} {ergonomic}
     bool UseLargePagesIndividualAllocation        = false                                  {pd product} {ergonomic}
     bool UseParallelGC                            = true                                      {product} {command line}

Logging:
Log output configuration:
 #0: stdout all=off uptime,level,tags foldmultilines=false
 #1: stderr all=off uptime,level,tags foldmultilines=false

Environment Variables:
PATH=C:\Python313\Scripts\;C:\Python313\;C:\Program Files\Java\jdk-21\bin;C:\Program Files\Java\jdk-17\bin;C:\mvn\apache-maven-3.9.5\bin;C:\Program Files\Common Files\Oracle\Java\javapath;C:\WINDOWS\system32;C:\Program Files\php;C:\WINDOWS;C:\WINDOWS\System32\Wbem;C:\WINDOWS\System32\WindowsPowerShell\v1.0\;C:\WINDOWS\System32\OpenSSH\;C:\Program Files\dotnet\;C:\Program Files (x86)\Microsoft SQL Server\Client SDK\ODBC\130\Tools\Binn\;C:\Program Files (x86)\Microsoft SQL Server\140\Tools\Binn\;C:\Program Files (x86)\Microsoft SQL Server\140\DTS\Binn\;C:\Program Files (x86)\Microsoft SQL Server\140\Tools\Binn\ManagementStudio\;C:\Program Files\HP\HP One Agent;C:\WINDOWS\system32;C:\WINDOWS;C:\WINDOWS\System32\Wbem;C:\WINDOWS\System32\WindowsPowerShell\v1.0\;C:\WINDOWS\System32\OpenSSH\;C:\Program Files\nodejs\;C:\ProgramData\chocolatey\bin;C:\Program Files\Docker\Docker\resources\bin;C:\Program Files\Git\cmd;C:\Users\landr\AppData\Local\Microsoft\WindowsApps;C:\Users\landr\AppData\Local\Programs\Microsoft VS Code\bin;C:\Users\landr\.dotnet\tools;C:\Program Files\php;C:\Users\landr\AppData\Roaming\npm;C:\Users\landr\AppData\Local\Programs\Microsoft VS Code Insiders\bin
USERNAME=landr
OS=Windows_NT
PROCESSOR_IDENTIFIER=AMD64 Family 23 Model 24 Stepping 1, AuthenticAMD
TMP=C:\Users\landr\AppData\Local\Temp
TEMP=C:\Users\landr\AppData\Local\Temp




Periodic native trim disabled

---------------  S Y S T E M  ---------------

OS:
 Windows 11 , 64 bit Build 26100 (10.0.26100.4202)
OS uptime: 6 days 4:27 hours
Hyper-V role detected

CPU: total 8 (initial active 8) (8 cores per cpu, 2 threads per core) family 23 model 24 stepping 1 microcode 0x8108102, cx8, cmov, fxsr, ht, mmx, 3dnowpref, sse, sse2, sse3, ssse3, sse4a, sse4.1, sse4.2, popcnt, lzcnt, tsc, tscinvbit, avx, avx2, aes, clmul, bmi1, bmi2, adx, sha, fma, vzeroupper, clflush, clflushopt, hv, rdtscp, f16c
Processor Information for the first 8 processors :
  Max Mhz: 2100, Current Mhz: 2100, Mhz Limit: 2100

Memory: 4k page, system-wide physical 14249M (1863M free)
TotalPageFile size 45499M (AvailPageFile size 58M)
current process WorkingSet (physical memory assigned to process): 798M, peak: 1098M
current process commit charge ("private bytes"): 865M, peak: 1089M

vm_info: OpenJDK 64-Bit Server VM (21.0.7+6-LTS) for windows-amd64 JRE (21.0.7+6-LTS), built on 2025-04-15T00:00:00Z by "admin" with MS VC++ 17.7 (VS2022)

END.
