#
# There is insufficient memory for the Java Runtime Environment to continue.
# Native memory allocation (malloc) failed to allocate 1147888 bytes. Error detail: Chunk::new
# Possible reasons:
#   The system is out of physical RAM or swap space
#   This process is running with CompressedOops enabled, and the Java Heap may be blocking the growth of the native heap
# Possible solutions:
#   Reduce memory load on the system
#   Increase physical memory or swap space
#   Check if swap backing store is full
#   Decrease Java heap size (-Xmx/-Xms)
#   Decrease number of Java threads
#   Decrease Java thread stack sizes (-Xss)
#   Set larger code cache with -XX:ReservedCodeCacheSize=
#   JVM is running with Unscaled Compressed Oops mode in which the Java heap is
#     placed in the first 4GB address space. The Java Heap base address is the
#     maximum limit for the native heap growth. Please use -XX:HeapBaseMinAddress
#     to set the Java Heap base and to place the Java Heap above 4GB virtual address.
# This output file may be truncated or incomplete.
#
#  Out of Memory Error (arena.cpp:168), pid=44232, tid=35208
#
# JRE version: OpenJDK Runtime Environment Temurin-21.0.7+6 (21.0.7+6) (build 21.0.7+6-LTS)
# Java VM: OpenJDK 64-Bit Server VM Temurin-21.0.7+6 (21.0.7+6-LTS, mixed mode, sharing, tiered, compressed oops, compressed class ptrs, parallel gc, windows-amd64)
# No core dump will be written. Minidumps are not enabled by default on client versions of Windows
#

---------------  S U M M A R Y ------------

Command Line: --add-modules=ALL-SYSTEM --add-opens=java.base/java.util=ALL-UNNAMED --add-opens=java.base/java.lang=ALL-UNNAMED --add-opens=java.base/sun.nio.fs=ALL-UNNAMED -Declipse.application=org.eclipse.jdt.ls.core.id1 -Dosgi.bundles.defaultStartLevel=4 -Declipse.product=org.eclipse.jdt.ls.core.product -Djava.import.generatesMetadataFilesAtProjectRoot=false -DDetectVMInstallationsJob.disabled=true -Dfile.encoding=utf8 -XX:+UseParallelGC -XX:GCTimeRatio=4 -XX:AdaptiveSizePolicyWeight=90 -Dsun.zip.disableMemoryMapping=true -Xmx1G -Xms100m -Xlog:disable -javaagent:c:\Users\landr\.vscode\extensions\redhat.java-1.42.0-win32-x64\lombok\lombok-1.18.36.jar -XX:+HeapDumpOnOutOfMemoryError -XX:HeapDumpPath=c:\Users\landr\AppData\Roaming\Code\User\workspaceStorage\3c3ba6a5eeb949c6492a5509a9be835c\redhat.java -Daether.dependencyCollector.impl=bf c:\Users\landr\.vscode\extensions\redhat.java-1.42.0-win32-x64\server\plugins\org.eclipse.equinox.launcher_1.7.0.v20250424-1814.jar -configuration c:\Users\landr\AppData\Roaming\Code\User\globalStorage\redhat.java\1.42.0\config_win -data c:\Users\landr\AppData\Roaming\Code\User\workspaceStorage\3c3ba6a5eeb949c6492a5509a9be835c\redhat.java\jdt_ws --pipe=\\.\pipe\lsp-35886ea6916f2f12efe8d6a716117998-sock

Host: AMD Ryzen 5 3500U with Radeon Vega Mobile Gfx  , 8 cores, 13G,  Windows 11 , 64 bit Build 26100 (10.0.26100.4202)
Time: Fri Jun 20 09:45:50 2025 Paris, Madrid (heure duild 26100 (10.0.26100.4202) elapsed time: 49.985798 seconds (0d 0h 0m 49s)

---------------  T H R E A D  ---------------

Current thread (0x000001b385ee7d50):  JavaThread "C2 CompilerThread2" daemon [_thread_in_native, id=35208, stack(0x000000992d100000,0x000000992d200000) (1024K)]


Current CompileTask:
C2:49985 7579   !   4       org.eclipse.osgi.internal.loader.classpath.ClasspathManager::findLocalClass (210 bytes)

Stack: [0x000000992d100000,0x000000992d200000]
Native frames: (J=compiled Java code, j=interpreted, Vv=VM code, C=native code)
V  [jvm.dll+0x6ce119]
V  [jvm.dll+0x8a84a1]
V  [jvm.dll+0x8aa9ce]
V  [jvm.dll+0x8ab0b3]
V  [jvm.dll+0x27f8a6]
V  [jvm.dll+0xc507d]
V  [jvm.dll+0xc55b3]
V  [jvm.dll+0x3b692c]
V  [jvm.dll+0x382aa5]
V  [jvm.dll+0x381f0a]
V  [jvm.dll+0x247af0]
V  [jvm.dll+0x2470cf]
V  [jvm.dll+0x1c760e]
V  [jvm.dll+0x25695a]
V  [jvm.dll+0x254efa]
V  [jvm.dll+0x3f03f6]
V  [jvm.dll+0x851f6b]
V  [jvm.dll+0x6cc7dd]
C  [ucrtbase.dll+0x37b0]
C  [KERNEL32.DLL+0x2e8d7]
C  [ntdll.dll+0x3c34c]


---------------  P R O C E S S  ---------------

Threads class SMR info:
_java_thread_list=0x000001b386bfcfe0, length=43, elements={
0x000001b3a8dc46a0, 0x000001b3bd9483b0, 0x000001b3a8e7e8f0, 0x000001b3bd94c6b0,
0x000001b3bd94a990, 0x000001b3bd94eaf0, 0x000001b3bd956c00, 0x000001b3803610a0,
0x000001b380361740, 0x000001b3a8e31bc0, 0x000001b3806c7640, 0x000001b380f1d630,
0x000001b380974820, 0x000001b380e58f10, 0x000001b380cabe40, 0x000001b3857220c0,
0x000001b38523ce40, 0x000001b380453ad0, 0x000001b380454160, 0x000001b3804547f0,
0x000001b380454e80, 0x000001b380455510, 0x000001b385b6e040, 0x000001b385ee7d50,
0x000001b380455ba0, 0x000001b380452db0, 0x000001b380452720, 0x000001b380453440,
0x000001b38836d1c0, 0x000001b38836ffb0, 0x000001b38836dee0, 0x000001b38836e570,
0x000001b38836d850, 0x000001b38836f290, 0x000001b38836cb30, 0x000001b38836ec00,
0x000001b38836f920, 0x000001b3883719f0, 0x000001b388372da0, 0x000001b388370cd0,
0x000001b388371360, 0x000001b388372710, 0x000001b388370640
}

Java Threads: ( => current thread )
  0x000001b3a8dc46a0 JavaThread "main"                              [_thread_blocked, id=30564, stack(0x000000992af00000,0x000000992b000000) (1024K)]
  0x000001b3bd9483b0 JavaThread "Reference Handler"          daemon [_thread_blocked, id=17984, stack(0x000000992b300000,0x000000992b400000) (1024K)]
  0x000001b3a8e7e8f0 JavaThread "Finalizer"                  daemon [_thread_blocked, id=46336, stack(0x000000992b400000,0x000000992b500000) (1024K)]
  0x000001b3bd94c6b0 JavaThread "Signal Dispatcher"          daemon [_thread_blocked, id=42032, stack(0x000000992b500000,0x000000992b600000) (1024K)]
  0x000001b3bd94a990 JavaThread "Attach Listener"            daemon [_thread_blocked, id=43908, stack(0x000000992b600000,0x000000992b700000) (1024K)]
  0x000001b3bd94eaf0 JavaThread "Service Thread"             daemon [_thread_blocked, id=26092, stack(0x000000992b700000,0x000000992b800000) (1024K)]
  0x000001b3bd956c00 JavaThread "Monitor Deflation Thread"   daemon [_thread_blocked, id=10800, stack(0x000000992b800000,0x000000992b900000) (1024K)]
  0x000001b3803610a0 JavaThread "C2 CompilerThread0"         daemon [_thread_in_native, id=59572, stack(0x000000992b900000,0x000000992ba00000) (1024K)]
  0x000001b380361740 JavaThread "C1 CompilerThread0"         daemon [_thread_in_native, id=58408, stack(0x000000992ba00000,0x000000992bb00000) (1024K)]
  0x000001b3a8e31bc0 JavaThread "Common-Cleaner"             daemon [_thread_blocked, id=43688, stack(0x000000992bb00000,0x000000992bc00000) (1024K)]
  0x000001b3806c7640 JavaThread "Notification Thread"        daemon [_thread_blocked, id=55420, stack(0x000000992bd00000,0x000000992be00000) (1024K)]
  0x000001b380f1d630 JavaThread "Active Thread: Equinox Container: b0c0f572-4fa6-4d89-af16-bc1c4ff92507"        [_thread_blocked, id=14516, stack(0x000000992c500000,0x000000992c600000) (1024K)]
  0x000001b380974820 JavaThread "Refresh Thread: Equinox Container: b0c0f572-4fa6-4d89-af16-bc1c4ff92507" daemon [_thread_blocked, id=58472, stack(0x000000992be00000,0x000000992bf00000) (1024K)]
  0x000001b380e58f10 JavaThread "Framework Event Dispatcher: Equinox Container: b0c0f572-4fa6-4d89-af16-bc1c4ff92507" daemon [_thread_blocked, id=23448, stack(0x000000992c600000,0x000000992c700000) (1024K)]
  0x000001b380cabe40 JavaThread "Start Level: Equinox Container: b0c0f572-4fa6-4d89-af16-bc1c4ff92507" daemon [_thread_blocked, id=49272, stack(0x000000992c700000,0x000000992c800000) (1024K)]
  0x000001b3857220c0 JavaThread "Bundle File Closer"         daemon [_thread_blocked, id=51080, stack(0x000000992c900000,0x000000992ca00000) (1024K)]
  0x000001b38523ce40 JavaThread "SCR Component Actor"        daemon [_thread_blocked, id=59916, stack(0x000000992c800000,0x000000992c900000) (1024K)]
  0x000001b380453ad0 JavaThread "Worker-JM"                         [_thread_blocked, id=49480, stack(0x000000992cc00000,0x000000992cd00000) (1024K)]
  0x000001b380454160 JavaThread "JNA Cleaner"                daemon [_thread_blocked, id=45916, stack(0x000000992cb00000,0x000000992cc00000) (1024K)]
  0x000001b3804547f0 JavaThread "Worker-0: Repository registry initialization"        [_thread_in_vm, id=41492, stack(0x000000992cd00000,0x000000992ce00000) (1024K)]
  0x000001b380454e80 JavaThread "Worker-1: Building"                [_thread_blocked, id=3376, stack(0x000000992ce00000,0x000000992cf00000) (1024K)]
  0x000001b380455510 JavaThread "Worker-2"                          [_thread_blocked, id=39524, stack(0x000000992d000000,0x000000992d100000) (1024K)]
  0x000001b385b6e040 JavaThread "C2 CompilerThread1"         daemon [_thread_in_native, id=29396, stack(0x000000992cf00000,0x000000992d000000) (1024K)]
=>0x000001b385ee7d50 JavaThread "C2 CompilerThread2"         daemon [_thread_in_native, id=35208, stack(0x000000992d100000,0x000000992d200000) (1024K)]
  0x000001b380455ba0 JavaThread "Java indexing"              daemon [_thread_in_Java, id=36700, stack(0x000000992d200000,0x000000992d300000) (1024K)]
  0x000001b380452db0 JavaThread "Worker-3"                          [_thread_blocked, id=53632, stack(0x000000992d300000,0x000000992d400000) (1024K)]
  0x000001b380452720 JavaThread "Worker-4"                          [_thread_blocked, id=51460, stack(0x000000992d400000,0x000000992d500000) (1024K)]
  0x000001b380453440 JavaThread "Worker-5"                          [_thread_blocked, id=45264, stack(0x000000992d700000,0x000000992d800000) (1024K)]
  0x000001b38836d1c0 JavaThread "Worker-6: Java indexing... "        [_thread_blocked, id=10704, stack(0x000000992d800000,0x000000992d900000) (1024K)]
  0x000001b38836ffb0 JavaThread "Thread-2"                   daemon [_thread_in_native, id=26500, stack(0x000000992d900000,0x000000992da00000) (1024K)]
  0x000001b38836dee0 JavaThread "Thread-3"                   daemon [_thread_in_native, id=43212, stack(0x000000992da00000,0x000000992db00000) (1024K)]
  0x000001b38836e570 JavaThread "Thread-4"                   daemon [_thread_in_native, id=38576, stack(0x000000992db00000,0x000000992dc00000) (1024K)]
  0x000001b38836d850 JavaThread "Thread-5"                   daemon [_thread_in_native, id=54380, stack(0x000000992dc00000,0x000000992dd00000) (1024K)]
  0x000001b38836f290 JavaThread "Thread-6"                   daemon [_thread_in_native, id=48732, stack(0x000000992dd00000,0x000000992de00000) (1024K)]
  0x000001b38836cb30 JavaThread "Thread-7"                   daemon [_thread_in_native, id=35028, stack(0x000000992de00000,0x000000992df00000) (1024K)]
  0x000001b38836ec00 JavaThread "Thread-8"                   daemon [_thread_in_native, id=27588, stack(0x000000992df00000,0x000000992e000000) (1024K)]
  0x000001b38836f920 JavaThread "Thread-9"                   daemon [_thread_in_native, id=48304, stack(0x000000992e000000,0x000000992e100000) (1024K)]
  0x000001b3883719f0 JavaThread "Thread-10"                  daemon [_thread_in_native, id=42328, stack(0x000000992e100000,0x000000992e200000) (1024K)]
  0x000001b388372da0 JavaThread "pool-2-thread-1"                   [_thread_blocked, id=37416, stack(0x000000992e200000,0x000000992e300000) (1024K)]
  0x000001b388370cd0 JavaThread "WorkspaceEventsHandler"            [_thread_blocked, id=13628, stack(0x000000992e400000,0x000000992e500000) (1024K)]
  0x000001b388371360 JavaThread "pool-1-thread-1"                   [_thread_blocked, id=25056, stack(0x000000992e500000,0x000000992e600000) (1024K)]
  0x000001b388372710 JavaThread "Keep-Alive-Timer"           daemon [_thread_blocked, id=52696, stack(0x000000992ca00000,0x000000992cb00000) (1024K)]
  0x000001b388370640 JavaThread "Worker-7"                          [_thread_blocked, id=52412, stack(0x000000992e600000,0x000000992e700000) (1024K)]
Total: 43

Other Threads:
  0x000001b3bd942770 VMThread "VM Thread"                           [id=45160, stack(0x000000992b200000,0x000000992b300000) (1024K)]
  0x000001b3bd85ba00 WatcherThread "VM Periodic Task Thread"        [id=47336, stack(0x000000992b100000,0x000000992b200000) (1024K)]
  0x000001b3a8de26e0 WorkerThread "GC Thread#0"                     [id=49992, stack(0x000000992b000000,0x000000992b100000) (1024K)]
  0x000001b380e45390 WorkerThread "GC Thread#1"                     [id=50440, stack(0x000000992bf00000,0x000000992c000000) (1024K)]
  0x000001b380b89010 WorkerThread "GC Thread#2"                     [id=23228, stack(0x000000992c000000,0x000000992c100000) (1024K)]
  0x000001b380e45730 WorkerThread "GC Thread#3"                     [id=30452, stack(0x000000992c100000,0x000000992c200000) (1024K)]
  0x000001b380e45ad0 WorkerThread "GC Thread#4"                     [id=17028, stack(0x000000992c200000,0x000000992c300000) (1024K)]
  0x000001b380b8b840 WorkerThread "GC Thread#5"                     [id=6856, stack(0x000000992c300000,0x000000992c400000) (1024K)]
  0x000001b380b8bbe0 WorkerThread "GC Thread#6"                     [id=30536, stack(0x000000992c400000,0x000000992c500000) (1024K)]
  0x000001b380974480 WorkerThread "GC Thread#7"                     [id=53664, stack(0x000000992bc00000,0x000000992bd00000) (1024K)]
Total: 10

Threads with active compile tasks:
C2 CompilerThread0  51065 7782 % !   4       org.eclipse.jdt.internal.compiler.classfmt.ClassFileReader::<init> @ 81 (2135 bytes)
C1 CompilerThread0  51077 7848       3       com.google.inject.internal.asm.$MethodWriter::<init> (232 bytes)
C2 CompilerThread1  51078 7691 %     4       org.eclipse.jdt.internal.core.search.indexing.BinaryIndexer::extractReferenceFromConstantPool @ 15 (358 bytes)
C2 CompilerThread2  51078 7579   !   4       org.eclipse.osgi.internal.loader.classpath.ClasspathManager::findLocalClass (210 bytes)
Total: 4

VM state: not at safepoint (normal execution)

VM Mutex/Monitor currently owned by a thread: None

Heap address: 0x00000000c0000000, size: 1024 MB, Compressed Oops mode: 32-bit

CDS archive(s) mapped at: [0x000001b3be000000-0x000001b3beba0000-0x000001b3beba0000), size 12189696, SharedBaseAddress: 0x000001b3be000000, ArchiveRelocationMode: 1.
Compressed class space mapped at: 0x000001b3bf000000-0x000001b3ff000000, reserved size: 1073741824
Narrow klass base: 0x000001b3be000000, Narrow klass shift: 0, Narrow klass range: 0x100000000

GC Precious Log:
 CardTable entry size: 512
 CPUs: 8 total, 8 available
 Memory: 14249M
 Large Page Support: Disabled
 NUMA Support: Disabled
 Compressed Oops: Enabled (32-bit)
 Alignments: Space 512K, Generation 512K, Heap 2M
 Heap Min Capacity: 100M
 Heap Initial Capacity: 100M
 Heap Max Capacity: 1G
 Pre-touch: Disabled
 Parallel Workers: 8

Heap:
 PSYoungGen      total 15872K, used 4406K [0x00000000eab00000, 0x00000000ec880000, 0x0000000100000000)
  eden space 12288K, 6% used [0x00000000eab00000,0x00000000eabd55c0,0x00000000eb700000)
  from space 3584K, 99% used [0x00000000ebe00000,0x00000000ec178590,0x00000000ec180000)
  to   space 7168K, 0% used [0x00000000eb700000,0x00000000eb700000,0x00000000ebe00000)
 ParOldGen       total 68608K, used 56269K [0x00000000c0000000, 0x00000000c4300000, 0x00000000eab00000)
  object space 68608K, 82% used [0x00000000c0000000,0x00000000c36f34e0,0x00000000c4300000)
 Metaspace       used 52024K, committed 53376K, reserved 1114112K
  class space    used 5534K, committed 6144K, reserved 1048576K

Card table byte_map: [0x000001b3bb210000,0x000001b3bb420000] _byte_map_base: 0x000001b3bac10000

Marking Bits: (ParMarkBitMap*) 0x00007ff9808131f0
 Begin Bits: [0x000001b3bb580000, 0x000001b3bc580000)
 End Bits:   [0x000001b3bc580000, 0x000001b3bd580000)

Polling page: 0x000001b3a75c0000

Metaspace:

Usage:
  Non-class:     45.40 MB used.
      Class:      5.40 MB used.
       Both:     50.81 MB used.

Virtual space:
  Non-class space:       64.00 MB reserved,      46.12 MB ( 72%) committed,  1 nodes.
      Class space:        1.00 GB reserved,       6.00 MB ( <1%) committed,  1 nodes.
             Both:        1.06 GB reserved,      52.12 MB (  5%) committed. 

Chunk freelists:
   Non-Class:  1.52 MB
       Class:  10.05 MB
        Both:  11.56 MB

MaxMetaspaceSize: unlimited
CompressedClassSpaceSize: 1.00 GB
Initial GC threshold: 21.00 MB
Current GC threshold: 58.38 MB
CDS: on
 - commit_granule_bytes: 65536.
 - commit_granule_words: 8192.
 - virtual_space_node_default_size: 8388608.
 - enlarge_chunks_in_place: 1.
 - use_allocation_guard: 0.


Internal statistics:

num_allocs_failed_limit: 8.
num_arena_births: 1026.
num_arena_deaths: 14.
num_vsnodes_births: 2.
num_vsnodes_deaths: 0.
num_space_committed: 834.
num_space_uncommitted: 0.
num_chunks_returned_to_freelist: 22.
num_chunks_taken_from_freelist: 3299.
num_chunk_merges: 6.
num_chunk_splits: 1961.
num_chunks_enlarged: 1003.
num_inconsistent_stats: 0.

CodeHeap 'non-profiled nmethods': size=120000Kb used=3277Kb max_used=3277Kb free=116722Kb
 bounds [0x000001b3b3b00000, 0x000001b3b3e40000, 0x000001b3bb030000]
CodeHeap 'profiled nmethods': size=120000Kb used=13902Kb max_used=13902Kb free=106097Kb
 bounds [0x000001b3ac030000, 0x000001b3acdd0000, 0x000001b3b3560000]
CodeHeap 'non-nmethods': size=5760Kb used=1431Kb max_used=1463Kb free=4328Kb
 bounds [0x000001b3b3560000, 0x000001b3b37d0000, 0x000001b3b3b00000]
 total_blobs=7789 nmethods=7056 adapters=637
 compilation: enabled
              stopped_count=0, restarted_count=0
 full_count=0

Compilation events (20 events):
Event: 47.892 Thread 0x000001b380361740 nmethod 7758 0x000001b3b3e32d10 code [0x000001b3b3e32ea0, 0x000001b3b3e32f68]
Event: 47.892 Thread 0x000001b380361740 7801       1       org.eclipse.jdt.internal.compiler.classfmt.ElementValuePairInfo::getName (5 bytes)
Event: 47.893 Thread 0x000001b380361740 nmethod 7801 0x000001b3b3e33010 code [0x000001b3b3e331a0, 0x000001b3b3e33268]
Event: 47.893 Thread 0x000001b380361740 7811       3       java.util.stream.SortedOps$OfRef::opWrapSink (60 bytes)
Event: 47.896 Thread 0x000001b380361740 nmethod 7811 0x000001b3acda0290 code [0x000001b3acda0520, 0x000001b3acda1348]
Event: 47.897 Thread 0x000001b380361740 7812       3       com.google.common.base.Preconditions::checkArgument (29 bytes)
Event: 47.898 Thread 0x000001b380361740 nmethod 7812 0x000001b3acda1810 code [0x000001b3acda1a00, 0x000001b3acda1f90]
Event: 47.898 Thread 0x000001b380361740 7814       3       com.google.inject.internal.aop.ClassBuilding::signature (57 bytes)
Event: 47.900 Thread 0x000001b380361740 nmethod 7814 0x000001b3acda2190 code [0x000001b3acda23c0, 0x000001b3acda2a28]
Event: 47.901 Thread 0x000001b380361740 7819   !   3       com.google.common.cache.LocalCache$Segment::lockedGetOrLoad (447 bytes)
Event: 47.921 Thread 0x000001b380361740 nmethod 7819 0x000001b3acda2d90 code [0x000001b3acda35a0, 0x000001b3acda7ff0]
Event: 47.925 Thread 0x000001b380361740 7829       3       sun.nio.fs.WindowsPath::hashCode (52 bytes)
Event: 47.927 Thread 0x000001b380361740 nmethod 7829 0x000001b3acdaa810 code [0x000001b3acdaaa60, 0x000001b3acdab3c0]
Event: 47.927 Thread 0x000001b380361740 7828       3       org.eclipse.jdt.internal.compiler.classfmt.ClassFileReader::isStaticInner (63 bytes)
Event: 47.929 Thread 0x000001b380361740 nmethod 7828 0x000001b3acdab790 code [0x000001b3acdab980, 0x000001b3acdabe48]
Event: 47.929 Thread 0x000001b380361740 7824  s    3       sun.nio.ch.ChannelInputStream::read (77 bytes)
Event: 47.931 Thread 0x000001b380361740 nmethod 7824 0x000001b3acdac010 code [0x000001b3acdac240, 0x000001b3acdaca20]
Event: 47.931 Thread 0x000001b380361740 7830       3       org.eclipse.jdt.internal.core.search.indexing.BinaryIndexer::extractClassName (42 bytes)
Event: 47.932 Thread 0x000001b380361740 nmethod 7830 0x000001b3acdacd10 code [0x000001b3acdacee0, 0x000001b3acdad4d8]
Event: 47.933 Thread 0x000001b380361740 7831       3       org.eclipse.jdt.internal.core.search.indexing.AbstractIndexer::addConstructorReference (58 bytes)

GC Heap History (20 events):
Event: 44.943 GC heap before
{Heap before GC invocations=24 (full 2):
 PSYoungGen      total 23552K, used 23172K [0x00000000eab00000, 0x00000000ec400000, 0x0000000100000000)
  eden space 21504K, 100% used [0x00000000eab00000,0x00000000ec000000,0x00000000ec000000)
  from space 2048K, 81% used [0x00000000ec000000,0x00000000ec1a1000,0x00000000ec200000)
  to   space 2048K, 0% used [0x00000000ec200000,0x00000000ec200000,0x00000000ec400000)
 ParOldGen       total 68608K, used 33070K [0x00000000c0000000, 0x00000000c4300000, 0x00000000eab00000)
  object space 68608K, 48% used [0x00000000c0000000,0x00000000c204ba40,0x00000000c4300000)
 Metaspace       used 45912K, committed 47104K, reserved 1114112K
  class space    used 4864K, committed 5440K, reserved 1048576K
}
Event: 44.949 GC heap after
{Heap after GC invocations=24 (full 2):
 PSYoungGen      total 23552K, used 1952K [0x00000000eab00000, 0x00000000ec400000, 0x0000000100000000)
  eden space 21504K, 0% used [0x00000000eab00000,0x00000000eab00000,0x00000000ec000000)
  from space 2048K, 95% used [0x00000000ec200000,0x00000000ec3e8000,0x00000000ec400000)
  to   space 2048K, 0% used [0x00000000ec000000,0x00000000ec000000,0x00000000ec200000)
 ParOldGen       total 68608K, used 34660K [0x00000000c0000000, 0x00000000c4300000, 0x00000000eab00000)
  object space 68608K, 50% used [0x00000000c0000000,0x00000000c21d9068,0x00000000c4300000)
 Metaspace       used 45912K, committed 47104K, reserved 1114112K
  class space    used 4864K, committed 5440K, reserved 1048576K
}
Event: 45.103 GC heap before
{Heap before GC invocations=25 (full 2):
 PSYoungGen      total 23552K, used 23456K [0x00000000eab00000, 0x00000000ec400000, 0x0000000100000000)
  eden space 21504K, 100% used [0x00000000eab00000,0x00000000ec000000,0x00000000ec000000)
  from space 2048K, 95% used [0x00000000ec200000,0x00000000ec3e8000,0x00000000ec400000)
  to   space 2048K, 0% used [0x00000000ec000000,0x00000000ec000000,0x00000000ec200000)
 ParOldGen       total 68608K, used 34660K [0x00000000c0000000, 0x00000000c4300000, 0x00000000eab00000)
  object space 68608K, 50% used [0x00000000c0000000,0x00000000c21d9068,0x00000000c4300000)
 Metaspace       used 46547K, committed 47808K, reserved 1114112K
  class space    used 4934K, committed 5504K, reserved 1048576K
}
Event: 45.110 GC heap after
{Heap after GC invocations=25 (full 2):
 PSYoungGen      total 23552K, used 2040K [0x00000000eab00000, 0x00000000ec900000, 0x0000000100000000)
  eden space 21504K, 0% used [0x00000000eab00000,0x00000000eab00000,0x00000000ec000000)
  from space 2048K, 99% used [0x00000000ec000000,0x00000000ec1fe1b8,0x00000000ec200000)
  to   space 4608K, 0% used [0x00000000ec480000,0x00000000ec480000,0x00000000ec900000)
 ParOldGen       total 68608K, used 36538K [0x00000000c0000000, 0x00000000c4300000, 0x00000000eab00000)
  object space 68608K, 53% used [0x00000000c0000000,0x00000000c23ae840,0x00000000c4300000)
 Metaspace       used 46547K, committed 47808K, reserved 1114112K
  class space    used 4934K, committed 5504K, reserved 1048576K
}
Event: 45.289 GC heap before
{Heap before GC invocations=26 (full 2):
 PSYoungGen      total 23552K, used 23544K [0x00000000eab00000, 0x00000000ec900000, 0x0000000100000000)
  eden space 21504K, 100% used [0x00000000eab00000,0x00000000ec000000,0x00000000ec000000)
  from space 2048K, 99% used [0x00000000ec000000,0x00000000ec1fe1b8,0x00000000ec200000)
  to   space 4608K, 0% used [0x00000000ec480000,0x00000000ec480000,0x00000000ec900000)
 ParOldGen       total 68608K, used 36538K [0x00000000c0000000, 0x00000000c4300000, 0x00000000eab00000)
  object space 68608K, 53% used [0x00000000c0000000,0x00000000c23ae840,0x00000000c4300000)
 Metaspace       used 46869K, committed 48128K, reserved 1114112K
  class space    used 4976K, committed 5504K, reserved 1048576K
}
Event: 45.298 GC heap after
{Heap after GC invocations=26 (full 2):
 PSYoungGen      total 24064K, used 2117K [0x00000000eab00000, 0x00000000ec700000, 0x0000000100000000)
  eden space 21504K, 0% used [0x00000000eab00000,0x00000000eab00000,0x00000000ec000000)
  from space 2560K, 82% used [0x00000000ec480000,0x00000000ec691748,0x00000000ec700000)
  to   space 3072K, 0% used [0x00000000ec100000,0x00000000ec100000,0x00000000ec400000)
 ParOldGen       total 68608K, used 38562K [0x00000000c0000000, 0x00000000c4300000, 0x00000000eab00000)
  object space 68608K, 56% used [0x00000000c0000000,0x00000000c25a8880,0x00000000c4300000)
 Metaspace       used 46869K, committed 48128K, reserved 1114112K
  class space    used 4976K, committed 5504K, reserved 1048576K
}
Event: 45.563 GC heap before
{Heap before GC invocations=27 (full 2):
 PSYoungGen      total 24064K, used 23589K [0x00000000eab00000, 0x00000000ec700000, 0x0000000100000000)
  eden space 21504K, 99% used [0x00000000eab00000,0x00000000ebff7f28,0x00000000ec000000)
  from space 2560K, 82% used [0x00000000ec480000,0x00000000ec691748,0x00000000ec700000)
  to   space 3072K, 0% used [0x00000000ec100000,0x00000000ec100000,0x00000000ec400000)
 ParOldGen       total 68608K, used 38562K [0x00000000c0000000, 0x00000000c4300000, 0x00000000eab00000)
  object space 68608K, 56% used [0x00000000c0000000,0x00000000c25a8880,0x00000000c4300000)
 Metaspace       used 47429K, committed 48704K, reserved 1114112K
  class space    used 5048K, committed 5632K, reserved 1048576K
}
Event: 45.570 GC heap after
{Heap after GC invocations=27 (full 2):
 PSYoungGen      total 23552K, used 1812K [0x00000000eab00000, 0x00000000ec500000, 0x0000000100000000)
  eden space 21504K, 0% used [0x00000000eab00000,0x00000000eab00000,0x00000000ec000000)
  from space 2048K, 88% used [0x00000000ec100000,0x00000000ec2c53e8,0x00000000ec300000)
  to   space 2048K, 0% used [0x00000000ec300000,0x00000000ec300000,0x00000000ec500000)
 ParOldGen       total 68608K, used 40390K [0x00000000c0000000, 0x00000000c4300000, 0x00000000eab00000)
  object space 68608K, 58% used [0x00000000c0000000,0x00000000c2771b08,0x00000000c4300000)
 Metaspace       used 47429K, committed 48704K, reserved 1114112K
  class space    used 5048K, committed 5632K, reserved 1048576K
}
Event: 46.165 GC heap before
{Heap before GC invocations=28 (full 2):
 PSYoungGen      total 23552K, used 23316K [0x00000000eab00000, 0x00000000ec500000, 0x0000000100000000)
  eden space 21504K, 100% used [0x00000000eab00000,0x00000000ec000000,0x00000000ec000000)
  from space 2048K, 88% used [0x00000000ec100000,0x00000000ec2c53e8,0x00000000ec300000)
  to   space 2048K, 0% used [0x00000000ec300000,0x00000000ec300000,0x00000000ec500000)
 ParOldGen       total 68608K, used 40390K [0x00000000c0000000, 0x00000000c4300000, 0x00000000eab00000)
  object space 68608K, 58% used [0x00000000c0000000,0x00000000c2771b08,0x00000000c4300000)
 Metaspace       used 48214K, committed 49408K, reserved 1114112K
  class space    used 5126K, committed 5632K, reserved 1048576K
}
Event: 46.174 GC heap after
{Heap after GC invocations=28 (full 2):
 PSYoungGen      total 18944K, used 2032K [0x00000000eab00000, 0x00000000ecf00000, 0x0000000100000000)
  eden space 16896K, 0% used [0x00000000eab00000,0x00000000eab00000,0x00000000ebb80000)
  from space 2048K, 99% used [0x00000000ec300000,0x00000000ec4fc0b0,0x00000000ec500000)
  to   space 7680K, 0% used [0x00000000ebb80000,0x00000000ebb80000,0x00000000ec300000)
 ParOldGen       total 68608K, used 44980K [0x00000000c0000000, 0x00000000c4300000, 0x00000000eab00000)
  object space 68608K, 65% used [0x00000000c0000000,0x00000000c2bed250,0x00000000c4300000)
 Metaspace       used 48214K, committed 49408K, reserved 1114112K
  class space    used 5126K, committed 5632K, reserved 1048576K
}
Event: 46.342 GC heap before
{Heap before GC invocations=29 (full 2):
 PSYoungGen      total 18944K, used 18928K [0x00000000eab00000, 0x00000000ecf00000, 0x0000000100000000)
  eden space 16896K, 100% used [0x00000000eab00000,0x00000000ebb80000,0x00000000ebb80000)
  from space 2048K, 99% used [0x00000000ec300000,0x00000000ec4fc0b0,0x00000000ec500000)
  to   space 7680K, 0% used [0x00000000ebb80000,0x00000000ebb80000,0x00000000ec300000)
 ParOldGen       total 68608K, used 44980K [0x00000000c0000000, 0x00000000c4300000, 0x00000000eab00000)
  object space 68608K, 65% used [0x00000000c0000000,0x00000000c2bed250,0x00000000c4300000)
 Metaspace       used 48375K, committed 49600K, reserved 1114112K
  class space    used 5142K, committed 5696K, reserved 1048576K
}
Event: 46.348 GC heap after
{Heap after GC invocations=29 (full 2):
 PSYoungGen      total 18432K, used 1216K [0x00000000eab00000, 0x00000000ec380000, 0x0000000100000000)
  eden space 16896K, 0% used [0x00000000eab00000,0x00000000eab00000,0x00000000ebb80000)
  from space 1536K, 79% used [0x00000000ebb80000,0x00000000ebcb0000,0x00000000ebd00000)
  to   space 3584K, 0% used [0x00000000ec000000,0x00000000ec000000,0x00000000ec380000)
 ParOldGen       total 68608K, used 47028K [0x00000000c0000000, 0x00000000c4300000, 0x00000000eab00000)
  object space 68608K, 68% used [0x00000000c0000000,0x00000000c2ded000,0x00000000c4300000)
 Metaspace       used 48375K, committed 49600K, reserved 1114112K
  class space    used 5142K, committed 5696K, reserved 1048576K
}
Event: 46.512 GC heap before
{Heap before GC invocations=30 (full 2):
 PSYoungGen      total 18432K, used 18112K [0x00000000eab00000, 0x00000000ec380000, 0x0000000100000000)
  eden space 16896K, 100% used [0x00000000eab00000,0x00000000ebb80000,0x00000000ebb80000)
  from space 1536K, 79% used [0x00000000ebb80000,0x00000000ebcb0000,0x00000000ebd00000)
  to   space 3584K, 0% used [0x00000000ec000000,0x00000000ec000000,0x00000000ec380000)
 ParOldGen       total 68608K, used 47028K [0x00000000c0000000, 0x00000000c4300000, 0x00000000eab00000)
  object space 68608K, 68% used [0x00000000c0000000,0x00000000c2ded000,0x00000000c4300000)
 Metaspace       used 48552K, committed 49792K, reserved 1114112K
  class space    used 5158K, committed 5696K, reserved 1048576K
}
Event: 46.518 GC heap after
{Heap after GC invocations=30 (full 2):
 PSYoungGen      total 18432K, used 1120K [0x00000000eab00000, 0x00000000ec180000, 0x0000000100000000)
  eden space 16896K, 0% used [0x00000000eab00000,0x00000000eab00000,0x00000000ebb80000)
  from space 1536K, 72% used [0x00000000ec000000,0x00000000ec118000,0x00000000ec180000)
  to   space 1536K, 0% used [0x00000000ebb80000,0x00000000ebb80000,0x00000000ebd00000)
 ParOldGen       total 68608K, used 48076K [0x00000000c0000000, 0x00000000c4300000, 0x00000000eab00000)
  object space 68608K, 70% used [0x00000000c0000000,0x00000000c2ef3000,0x00000000c4300000)
 Metaspace       used 48552K, committed 49792K, reserved 1114112K
  class space    used 5158K, committed 5696K, reserved 1048576K
}
Event: 46.883 GC heap before
{Heap before GC invocations=31 (full 2):
 PSYoungGen      total 18432K, used 18016K [0x00000000eab00000, 0x00000000ec180000, 0x0000000100000000)
  eden space 16896K, 100% used [0x00000000eab00000,0x00000000ebb80000,0x00000000ebb80000)
  from space 1536K, 72% used [0x00000000ec000000,0x00000000ec118000,0x00000000ec180000)
  to   space 1536K, 0% used [0x00000000ebb80000,0x00000000ebb80000,0x00000000ebd00000)
 ParOldGen       total 68608K, used 48076K [0x00000000c0000000, 0x00000000c4300000, 0x00000000eab00000)
  object space 68608K, 70% used [0x00000000c0000000,0x00000000c2ef3000,0x00000000c4300000)
 Metaspace       used 50087K, committed 51328K, reserved 1114112K
  class space    used 5310K, committed 5888K, reserved 1048576K
}
Event: 46.889 GC heap after
{Heap after GC invocations=31 (full 2):
 PSYoungGen      total 18432K, used 1357K [0x00000000eab00000, 0x00000000ec080000, 0x0000000100000000)
  eden space 16896K, 0% used [0x00000000eab00000,0x00000000eab00000,0x00000000ebb80000)
  from space 1536K, 88% used [0x00000000ebb80000,0x00000000ebcd3468,0x00000000ebd00000)
  to   space 1536K, 0% used [0x00000000ebf00000,0x00000000ebf00000,0x00000000ec080000)
 ParOldGen       total 68608K, used 49817K [0x00000000c0000000, 0x00000000c4300000, 0x00000000eab00000)
  object space 68608K, 72% used [0x00000000c0000000,0x00000000c30a6510,0x00000000c4300000)
 Metaspace       used 50087K, committed 51328K, reserved 1114112K
  class space    used 5310K, committed 5888K, reserved 1048576K
}
Event: 47.303 GC heap before
{Heap before GC invocations=32 (full 2):
 PSYoungGen      total 18432K, used 18253K [0x00000000eab00000, 0x00000000ec080000, 0x0000000100000000)
  eden space 16896K, 100% used [0x00000000eab00000,0x00000000ebb80000,0x00000000ebb80000)
  from space 1536K, 88% used [0x00000000ebb80000,0x00000000ebcd3468,0x00000000ebd00000)
  to   space 1536K, 0% used [0x00000000ebf00000,0x00000000ebf00000,0x00000000ec080000)
 ParOldGen       total 68608K, used 49817K [0x00000000c0000000, 0x00000000c4300000, 0x00000000eab00000)
  object space 68608K, 72% used [0x00000000c0000000,0x00000000c30a6510,0x00000000c4300000)
 Metaspace       used 51103K, committed 52416K, reserved 1114112K
  class space    used 5422K, committed 6016K, reserved 1048576K
}
Event: 47.308 GC heap after
{Heap after GC invocations=32 (full 2):
 PSYoungGen      total 17408K, used 1519K [0x00000000eab00000, 0x00000000ec480000, 0x0000000100000000)
  eden space 15872K, 0% used [0x00000000eab00000,0x00000000eab00000,0x00000000eba80000)
  from space 1536K, 98% used [0x00000000ebf00000,0x00000000ec07bf88,0x00000000ec080000)
  to   space 4608K, 0% used [0x00000000eba80000,0x00000000eba80000,0x00000000ebf00000)
 ParOldGen       total 68608K, used 52074K [0x00000000c0000000, 0x00000000c4300000, 0x00000000eab00000)
  object space 68608K, 75% used [0x00000000c0000000,0x00000000c32dabe0,0x00000000c4300000)
 Metaspace       used 51103K, committed 52416K, reserved 1114112K
  class space    used 5422K, committed 6016K, reserved 1048576K
}
Event: 47.680 GC heap before
{Heap before GC invocations=33 (full 2):
 PSYoungGen      total 17408K, used 17391K [0x00000000eab00000, 0x00000000ec480000, 0x0000000100000000)
  eden space 15872K, 100% used [0x00000000eab00000,0x00000000eba80000,0x00000000eba80000)
  from space 1536K, 98% used [0x00000000ebf00000,0x00000000ec07bf88,0x00000000ec080000)
  to   space 4608K, 0% used [0x00000000eba80000,0x00000000eba80000,0x00000000ebf00000)
 ParOldGen       total 68608K, used 52074K [0x00000000c0000000, 0x00000000c4300000, 0x00000000eab00000)
  object space 68608K, 75% used [0x00000000c0000000,0x00000000c32dabe0,0x00000000c4300000)
 Metaspace       used 51717K, committed 52992K, reserved 1114112K
  class space    used 5496K, committed 6080K, reserved 1048576K
}
Event: 47.687 GC heap after
{Heap after GC invocations=33 (full 2):
 PSYoungGen      total 18944K, used 3017K [0x00000000eab00000, 0x00000000ec180000, 0x0000000100000000)
  eden space 15872K, 0% used [0x00000000eab00000,0x00000000eab00000,0x00000000eba80000)
  from space 3072K, 98% used [0x00000000eba80000,0x00000000ebd72480,0x00000000ebd80000)
  to   space 3584K, 0% used [0x00000000ebe00000,0x00000000ebe00000,0x00000000ec180000)
 ParOldGen       total 68608K, used 53531K [0x00000000c0000000, 0x00000000c4300000, 0x00000000eab00000)
  object space 68608K, 78% used [0x00000000c0000000,0x00000000c3446e58,0x00000000c4300000)
 Metaspace       used 51717K, committed 52992K, reserved 1114112K
  class space    used 5496K, committed 6080K, reserved 1048576K
}

Dll operation events (12 events):
Event: 0.107 Loaded shared library c:\Users\landr\.vscode\extensions\redhat.java-1.42.0-win32-x64\jre\21.0.7-win32-x86_64\bin\java.dll
Event: 0.306 Loaded shared library c:\Users\landr\.vscode\extensions\redhat.java-1.42.0-win32-x64\jre\21.0.7-win32-x86_64\bin\zip.dll
Event: 0.362 Loaded shared library C:\Users\landr\.vscode\extensions\redhat.java-1.42.0-win32-x64\jre\21.0.7-win32-x86_64\bin\instrument.dll
Event: 0.373 Loaded shared library C:\Users\landr\.vscode\extensions\redhat.java-1.42.0-win32-x64\jre\21.0.7-win32-x86_64\bin\net.dll
Event: 0.379 Loaded shared library C:\Users\landr\.vscode\extensions\redhat.java-1.42.0-win32-x64\jre\21.0.7-win32-x86_64\bin\nio.dll
Event: 0.386 Loaded shared library C:\Users\landr\.vscode\extensions\redhat.java-1.42.0-win32-x64\jre\21.0.7-win32-x86_64\bin\zip.dll
Event: 0.438 Loaded shared library C:\Users\landr\.vscode\extensions\redhat.java-1.42.0-win32-x64\jre\21.0.7-win32-x86_64\bin\jimage.dll
Event: 0.649 Loaded shared library c:\Users\landr\.vscode\extensions\redhat.java-1.42.0-win32-x64\jre\21.0.7-win32-x86_64\bin\verify.dll
Event: 17.110 Loaded shared library C:\Users\landr\AppData\Roaming\Code\User\globalStorage\redhat.java\1.42.0\config_win\org.eclipse.equinox.launcher\org.eclipse.equinox.launcher.win32.win32.x86_64_1.2.1300.v20250331-1702\eclipse_11911.dll
Event: 38.015 Loaded shared library C:\Users\landr\AppData\Local\Temp\jna-102738919\jna17391877394297778553.dll
Event: 43.406 Loaded shared library C:\Users\landr\.vscode\extensions\redhat.java-1.42.0-win32-x64\jre\21.0.7-win32-x86_64\bin\sunmscapi.dll
Event: 43.652 Loaded shared library C:\Users\landr\.vscode\extensions\redhat.java-1.42.0-win32-x64\jre\21.0.7-win32-x86_64\bin\extnet.dll

Deoptimization events (20 events):
Event: 47.658 Thread 0x000001b380455ba0 DEOPT PACKING pc=0x000001b3acc7550e sp=0x000000992d2fea10
Event: 47.658 Thread 0x000001b380455ba0 DEOPT UNPACKING pc=0x000001b3b35b4242 sp=0x000000992d2fdeb0 mode 0
Event: 47.660 Thread 0x000001b380455ba0 Uncommon trap: trap_request=0xffffff45 fr.pc=0x000001b3b3e218ac relative=0x000000000000056c
Event: 47.660 Thread 0x000001b380455ba0 Uncommon trap: reason=unstable_if action=reinterpret pc=0x000001b3b3e218ac method=org.eclipse.jdt.internal.core.search.indexing.BinaryIndexer.addTypeReference([C)V @ 23 c2
Event: 47.660 Thread 0x000001b380455ba0 DEOPT PACKING pc=0x000001b3b3e218ac sp=0x000000992d2fea70
Event: 47.660 Thread 0x000001b380455ba0 DEOPT UNPACKING pc=0x000001b3b35b3aa2 sp=0x000000992d2fea48 mode 2
Event: 47.723 Thread 0x000001b380455ba0 Uncommon trap: trap_request=0xffffff6e fr.pc=0x000001b3b3e2eeb4 relative=0x0000000000000374
Event: 47.723 Thread 0x000001b380455ba0 Uncommon trap: reason=loop_limit_check action=maybe_recompile pc=0x000001b3b3e2eeb4 method=org.eclipse.jdt.core.compiler.CharOperation.concatWithAll([[CC)[C @ 99 c2
Event: 47.723 Thread 0x000001b380455ba0 DEOPT PACKING pc=0x000001b3b3e2eeb4 sp=0x000000992d2fe9f0
Event: 47.723 Thread 0x000001b380455ba0 DEOPT UNPACKING pc=0x000001b3b35b3aa2 sp=0x000000992d2fe9a0 mode 2
Event: 47.732 Thread 0x000001b380455ba0 DEOPT PACKING pc=0x000001b3ac0c19f8 sp=0x000000992d2fe790
Event: 47.732 Thread 0x000001b380455ba0 DEOPT UNPACKING pc=0x000001b3b35b4242 sp=0x000000992d2fdc78 mode 0
Event: 47.801 Thread 0x000001b380455ba0 DEOPT PACKING pc=0x000001b3acc9461e sp=0x000000992d2fead0
Event: 47.801 Thread 0x000001b380455ba0 DEOPT UNPACKING pc=0x000001b3b35b4242 sp=0x000000992d2fdf10 mode 0
Event: 47.816 Thread 0x000001b380455ba0 DEOPT PACKING pc=0x000001b3acc7550e sp=0x000000992d2feba0
Event: 47.816 Thread 0x000001b380455ba0 DEOPT UNPACKING pc=0x000001b3b35b4242 sp=0x000000992d2fe040 mode 0
Event: 47.886 Thread 0x000001b380455ba0 DEOPT PACKING pc=0x000001b3acc5313a sp=0x000000992d2feaa0
Event: 47.886 Thread 0x000001b380455ba0 DEOPT UNPACKING pc=0x000001b3b35b4242 sp=0x000000992d2fdf08 mode 0
Event: 47.897 Thread 0x000001b380455ba0 DEOPT PACKING pc=0x000001b3acc7550e sp=0x000000992d2fea20
Event: 47.897 Thread 0x000001b380455ba0 DEOPT UNPACKING pc=0x000001b3b35b4242 sp=0x000000992d2fdec0 mode 0

Classes loaded (20 events):
Event: 45.623 Loading class java/nio/channels/ServerSocketChannel
Event: 45.624 Loading class java/nio/channels/ServerSocketChannel done
Event: 45.667 Loading class sun/nio/cs/ThreadLocalCoders
Event: 45.668 Loading class sun/nio/cs/ThreadLocalCoders done
Event: 45.668 Loading class sun/nio/cs/ThreadLocalCoders$1
Event: 45.668 Loading class sun/nio/cs/ThreadLocalCoders$Cache
Event: 45.669 Loading class sun/nio/cs/ThreadLocalCoders$Cache done
Event: 45.669 Loading class sun/nio/cs/ThreadLocalCoders$1 done
Event: 45.669 Loading class sun/nio/cs/ThreadLocalCoders$2
Event: 45.670 Loading class sun/nio/cs/ThreadLocalCoders$2 done
Event: 45.816 Loading class java/util/zip/ZipError
Event: 45.816 Loading class java/util/zip/ZipError done
Event: 46.655 Loading class java/util/WeakHashMap$KeyIterator
Event: 46.656 Loading class java/util/WeakHashMap$KeyIterator done
Event: 46.695 Loading class java/lang/ExceptionInInitializerError
Event: 46.696 Loading class java/lang/ExceptionInInitializerError done
Event: 47.052 Loading class java/lang/invoke/MethodHandleImpl$CountingWrapper
Event: 47.052 Loading class java/lang/invoke/MethodHandleImpl$CountingWrapper done
Event: 47.291 Loading class jdk/internal/math/FormattedFPDecimal
Event: 47.293 Loading class jdk/internal/math/FormattedFPDecimal done

Classes unloaded (7 events):
Event: 39.448 Thread 0x000001b3bd942770 Unloading class 0x000001b3bf1a8c00 'java/lang/invoke/LambdaForm$MH+0x000001b3bf1a8c00'
Event: 39.448 Thread 0x000001b3bd942770 Unloading class 0x000001b3bf1a8800 'java/lang/invoke/LambdaForm$MH+0x000001b3bf1a8800'
Event: 39.448 Thread 0x000001b3bd942770 Unloading class 0x000001b3bf1a8400 'java/lang/invoke/LambdaForm$MH+0x000001b3bf1a8400'
Event: 39.448 Thread 0x000001b3bd942770 Unloading class 0x000001b3bf1a8000 'java/lang/invoke/LambdaForm$MH+0x000001b3bf1a8000'
Event: 39.448 Thread 0x000001b3bd942770 Unloading class 0x000001b3bf1a7c00 'java/lang/invoke/LambdaForm$BMH+0x000001b3bf1a7c00'
Event: 39.448 Thread 0x000001b3bd942770 Unloading class 0x000001b3bf1a7800 'java/lang/invoke/LambdaForm$DMH+0x000001b3bf1a7800'
Event: 39.448 Thread 0x000001b3bd942770 Unloading class 0x000001b3bf1a6400 'java/lang/invoke/LambdaForm$DMH+0x000001b3bf1a6400'

Classes redefined (0 events):
No events

Internal exceptions (20 events):
Event: 46.611 Thread 0x000001b380454e80 Exception <a 'sun/nio/fs/WindowsException'{0x00000000eadc37f0}> (0x00000000eadc37f0) 
thrown [s\src\hotspot\share\prims\jni.cpp, line 520]
Event: 46.662 Thread 0x000001b380454e80 Exception <a 'java/io/FileNotFoundException'{0x00000000eb28de50}> (0x00000000eb28de50) 
thrown [s\src\hotspot\share\prims\jni.cpp, line 520]
Event: 46.663 Thread 0x000001b380454e80 Exception <a 'java/io/FileNotFoundException'{0x00000000eb28ee60}> (0x00000000eb28ee60) 
thrown [s\src\hotspot\share\prims\jni.cpp, line 520]
Event: 46.663 Thread 0x000001b380454e80 Exception <a 'java/io/FileNotFoundException'{0x00000000eb28ff90}> (0x00000000eb28ff90) 
thrown [s\src\hotspot\share\prims\jni.cpp, line 520]
Event: 46.699 Thread 0x000001b3804547f0 Exception <a 'java/lang/ExceptionInInitializerError'{0x00000000eb426638}> (0x00000000eb426638) 
thrown [s\src\hotspot\share\oops\instanceKlass.cpp, line 1220]
Event: 46.835 Thread 0x000001b3804547f0 Implicit null exception at 0x000001b3b3c5c47e to 0x000001b3b3c5c6e0
Event: 46.836 Thread 0x000001b3804547f0 Implicit null exception at 0x000001b3b3bae83c to 0x000001b3b3baf790
Event: 46.850 Thread 0x000001b3804547f0 Exception <a 'java/lang/NoSuchMethodError'{0x00000000eb950fc0}: 'java.lang.Object java.lang.invoke.Invokers$Holder.invokeExact_MT(java.lang.Object, int, java.lang.Object)'> (0x00000000eb950fc0) 
thrown [s\src\hotspot\share\interpreter\linkResolver.cpp, line 773]
Event: 46.852 Thread 0x000001b380454e80 Exception <a 'java/lang/NoSuchMethodError'{0x00000000eb946808}: 'int java.lang.invoke.DirectMethodHandle$Holder.invokeStatic(java.lang.Object)'> (0x00000000eb946808) 
thrown [s\src\hotspot\share\interpreter\linkResolver.cpp, line 773]
Event: 46.959 Thread 0x000001b380454e80 Exception <a 'java/io/FileNotFoundException'{0x00000000eaebaf98}> (0x00000000eaebaf98) 
thrown [s\src\hotspot\share\prims\jni.cpp, line 520]
Event: 46.960 Thread 0x000001b380454e80 Exception <a 'java/io/FileNotFoundException'{0x00000000eaebc360}> (0x00000000eaebc360) 
thrown [s\src\hotspot\share\prims\jni.cpp, line 520]
Event: 46.988 Thread 0x000001b388371360 Exception <a 'java/io/FileNotFoundException'{0x00000000eb067dd0}> (0x00000000eb067dd0) 
thrown [s\src\hotspot\share\prims\jni.cpp, line 520]
Event: 47.013 Thread 0x000001b380454e80 Exception <a 'java/io/FileNotFoundException'{0x00000000eafb6be0}> (0x00000000eafb6be0) 
thrown [s\src\hotspot\share\prims\jni.cpp, line 520]
Event: 47.014 Thread 0x000001b380454e80 Exception <a 'java/io/FileNotFoundException'{0x00000000eafb7f80}> (0x00000000eafb7f80) 
thrown [s\src\hotspot\share\prims\jni.cpp, line 520]
Event: 47.015 Thread 0x000001b380454e80 Exception <a 'java/io/FileNotFoundException'{0x00000000eafb9380}> (0x00000000eafb9380) 
thrown [s\src\hotspot\share\prims\jni.cpp, line 520]
Event: 47.050 Thread 0x000001b388371360 Exception <a 'java/lang/NoSuchMethodError'{0x00000000eb2f61c0}: 'java.lang.Object java.lang.invoke.DirectMethodHandle$Holder.invokeStatic(java.lang.Object, int, java.lang.Object, java.lang.Object)'> (0x00000000eb2f61c0) 
thrown [s\src\hotspot\share\interpreter\linkResolver.cpp, line 773]
Event: 47.051 Thread 0x000001b388371360 Exception <a 'java/lang/NoSuchMethodError'{0x00000000eb30cea8}: 'java.lang.Object java.lang.invoke.DelegatingMethodHandle$Holder.delegate(java.lang.Object, int, java.lang.Object, java.lang.Object)'> (0x00000000eb30cea8) 
thrown [s\src\hotspot\share\interpreter\linkResolver.cpp, line 773]
Event: 47.059 Thread 0x000001b388371360 Exception <a 'java/lang/NoSuchMethodError'{0x00000000eb33cfd0}: 'int java.lang.invoke.Invokers$Holder.linkToTargetMethod(java.lang.Object, java.lang.Object, java.lang.Object)'> (0x00000000eb33cfd0) 
thrown [s\src\hotspot\share\interpreter\linkResolver.cpp, line 773]
Event: 47.261 Thread 0x000001b380454e80 Exception <a 'java/lang/NoSuchMethodError'{0x00000000eba3cef8}: 'int java.lang.invoke.DirectMethodHandle$Holder.invokeSpecialIFC(java.lang.Object, java.lang.Object, java.lang.Object, java.lang.Object)'> (0x00000000eba3cef8) 
thrown [s\src\hotspot\share\interpreter\linkResolver.cpp, line 773]
Event: 47.646 Thread 0x000001b380455ba0 Implicit null exception at 0x000001b3b3e01d5a to 0x000001b3b3e01e54

ZGC Phase Switch (0 events):
No events

VM Operations (20 events):
Event: 46.174 Executing VM operation: ParallelGCFailedAllocation (Allocation Failure) done
Event: 46.342 Executing VM operation: ParallelGCFailedAllocation (Allocation Failure)
Event: 46.348 Executing VM operation: ParallelGCFailedAllocation (Allocation Failure) done
Event: 46.512 Executing VM operation: ParallelGCFailedAllocation (Allocation Failure)
Event: 46.518 Executing VM operation: ParallelGCFailedAllocation (Allocation Failure) done
Event: 46.530 Executing VM operation: HandshakeAllThreads (Deoptimize)
Event: 46.530 Executing VM operation: HandshakeAllThreads (Deoptimize) done
Event: 46.857 Executing VM operation: HandshakeAllThreads (Deoptimize)
Event: 46.868 Executing VM operation: HandshakeAllThreads (Deoptimize) done
Event: 46.882 Executing VM operation: ParallelGCFailedAllocation (Allocation Failure)
Event: 46.889 Executing VM operation: ParallelGCFailedAllocation (Allocation Failure) done
Event: 46.942 Executing VM operation: HandshakeAllThreads (Deoptimize)
Event: 46.948 Executing VM operation: HandshakeAllThreads (Deoptimize) done
Event: 47.302 Executing VM operation: ParallelGCFailedAllocation (Allocation Failure)
Event: 47.308 Executing VM operation: ParallelGCFailedAllocation (Allocation Failure) done
Event: 47.680 Executing VM operation: ParallelGCFailedAllocation (Allocation Failure)
Event: 47.687 Executing VM operation: ParallelGCFailedAllocation (Allocation Failure) done
Event: 48.696 Executing VM operation: Cleanup
Event: 48.959 Executing VM operation: Cleanup done
Event: 48.965 Executing VM operation: ParallelGCFailedAllocation (Allocation Failure)

Memory protections (0 events):
No events

Nmethod flushes (20 events):
Event: 42.517 Thread 0x000001b3bd942770 flushing  nmethod 0x000001b3ac71e910
Event: 42.517 Thread 0x000001b3bd942770 flushing  nmethod 0x000001b3ac71fb10
Event: 42.517 Thread 0x000001b3bd942770 flushing  nmethod 0x000001b3ac721e90
Event: 42.517 Thread 0x000001b3bd942770 flushing  nmethod 0x000001b3ac722610
Event: 42.517 Thread 0x000001b3bd942770 flushing  nmethod 0x000001b3ac722b10
Event: 42.517 Thread 0x000001b3bd942770 flushing  nmethod 0x000001b3ac723f90
Event: 42.517 Thread 0x000001b3bd942770 flushing  nmethod 0x000001b3ac724c90
Event: 42.517 Thread 0x000001b3bd942770 flushing  nmethod 0x000001b3ac725c90
Event: 42.517 Thread 0x000001b3bd942770 flushing  nmethod 0x000001b3ac726190
Event: 42.517 Thread 0x000001b3bd942770 flushing  nmethod 0x000001b3ac727a90
Event: 42.517 Thread 0x000001b3bd942770 flushing  nmethod 0x000001b3ac732090
Event: 42.517 Thread 0x000001b3bd942770 flushing  nmethod 0x000001b3ac744390
Event: 42.517 Thread 0x000001b3bd942770 flushing  nmethod 0x000001b3ac74ed10
Event: 42.517 Thread 0x000001b3bd942770 flushing  nmethod 0x000001b3ac75a190
Event: 42.517 Thread 0x000001b3bd942770 flushing  nmethod 0x000001b3ac75ff90
Event: 42.517 Thread 0x000001b3bd942770 flushing  nmethod 0x000001b3ac762090
Event: 42.517 Thread 0x000001b3bd942770 flushing  nmethod 0x000001b3ac762390
Event: 42.517 Thread 0x000001b3bd942770 flushing  nmethod 0x000001b3ac7b2010
Event: 42.517 Thread 0x000001b3bd942770 flushing  nmethod 0x000001b3ac7e6090
Event: 42.517 Thread 0x000001b3bd942770 flushing  nmethod 0x000001b3ac7fc490

Events (20 events):
Event: 41.892 Thread 0x000001b380452db0 Thread added: 0x000001b380452720
Event: 42.408 Thread 0x000001b380452720 Thread added: 0x000001b380453440
Event: 42.475 Thread 0x000001b380453440 Thread added: 0x000001b38836d1c0
Event: 42.692 Thread 0x000001b3a8dc46a0 Thread added: 0x000001b38836ffb0
Event: 42.694 Thread 0x000001b3a8dc46a0 Thread added: 0x000001b38836dee0
Event: 42.694 Thread 0x000001b3a8dc46a0 Thread added: 0x000001b38836e570
Event: 42.695 Thread 0x000001b3a8dc46a0 Thread added: 0x000001b38836d850
Event: 42.697 Thread 0x000001b3a8dc46a0 Thread added: 0x000001b38836f290
Event: 42.701 Thread 0x000001b3a8dc46a0 Thread added: 0x000001b38836cb30
Event: 42.702 Thread 0x000001b3a8dc46a0 Thread added: 0x000001b38836ec00
Event: 42.703 Thread 0x000001b3a8dc46a0 Thread added: 0x000001b38836f920
Event: 42.703 Thread 0x000001b3a8dc46a0 Thread added: 0x000001b3883719f0
Event: 42.795 Thread 0x000001b3a8dc46a0 Thread added: 0x000001b388372da0
Event: 44.392 Thread 0x000001b3a8dc46a0 Thread added: 0x000001b388370cd0
Event: 44.393 Thread 0x000001b3a8dc46a0 Thread added: 0x000001b388371360
Event: 44.837 Thread 0x000001b3806c0270 Thread exited: 0x000001b3806c0270
Event: 45.054 Thread 0x000001b380452720 Thread added: 0x000001b388372710
Event: 45.055 Thread 0x000001b388372710 Thread exited: 0x000001b388372710
Event: 45.339 Thread 0x000001b380452720 Thread added: 0x000001b388372710
Event: 45.828 Thread 0x000001b38836d1c0 Thread added: 0x000001b388370640


Dynamic libraries:
0x00007ff777590000 - 0x00007ff77759e000 	c:\Users\landr\.vscode\extensions\redhat.java-1.42.0-win32-x64\jre\21.0.7-win32-x86_64\bin\java.exe
0x00007ffa2b4e0000 - 0x00007ffa2b745000 	C:\WINDOWS\SYSTEM32\ntdll.dll
0x00007ffa2a190000 - 0x00007ffa2a259000 	C:\WINDOWS\System32\KERNEL32.DLL
0x00007ffa28c40000 - 0x00007ffa29028000 	C:\WINDOWS\System32\KERNELBASE.dll
0x00007ffa286c0000 - 0x00007ffa2880b000 	C:\WINDOWS\System32\ucrtbase.dll
0x00007ffa11650000 - 0x00007ffa1166e000 	c:\Users\landr\.vscode\extensions\redhat.java-1.42.0-win32-x64\jre\21.0.7-win32-x86_64\bin\VCRUNTIME140.dll
0x00007ff9cd850000 - 0x00007ff9cd868000 	c:\Users\landr\.vscode\extensions\redhat.java-1.42.0-win32-x64\jre\21.0.7-win32-x86_64\bin\jli.dll
0x00007ffa29460000 - 0x00007ffa2962a000 	C:\WINDOWS\System32\USER32.dll
0x00007ffa0bdb0000 - 0x00007ffa0c04a000 	C:\WINDOWS\WinSxS\amd64_microsoft.windows.common-controls_6595b64144ccf1df_6.0.26100.4202_none_3e0698d4e335f517\COMCTL32.dll
0x00007ffa29250000 - 0x00007ffa29277000 	C:\WINDOWS\System32\win32u.dll
0x00007ffa2a2f0000 - 0x00007ffa2a399000 	C:\WINDOWS\System32\msvcrt.dll
0x00007ffa2a100000 - 0x00007ffa2a12b000 	C:\WINDOWS\System32\GDI32.dll
0x00007ffa288c0000 - 0x00007ffa289f7000 	C:\WINDOWS\System32\gdi32full.dll
0x00007ffa28810000 - 0x00007ffa288b3000 	C:\WINDOWS\System32\msvcp_win.dll
0x00007ffa29c80000 - 0x00007ffa29cb0000 	C:\WINDOWS\System32\IMM32.DLL
0x00007ffa231f0000 - 0x00007ffa231fc000 	c:\Users\landr\.vscode\extensions\redhat.java-1.42.0-win32-x64\jre\21.0.7-win32-x86_64\bin\vcruntime140_1.dll
0x00007ff9b7480000 - 0x00007ff9b750d000 	c:\Users\landr\.vscode\extensions\redhat.java-1.42.0-win32-x64\jre\21.0.7-win32-x86_64\bin\msvcp140.dll
0x00007ff97fb60000 - 0x00007ff9808f0000 	c:\Users\landr\.vscode\extensions\redhat.java-1.42.0-win32-x64\jre\21.0.7-win32-x86_64\bin\server\jvm.dll
0x00007ffa2abf0000 - 0x00007ffa2aca3000 	C:\WINDOWS\System32\ADVAPI32.dll
0x00007ffa29b90000 - 0x00007ffa29c36000 	C:\WINDOWS\System32\sechost.dll
0x00007ffa2ae20000 - 0x00007ffa2af35000 	C:\WINDOWS\System32\RPCRT4.dll
0x00007ffa2a3a0000 - 0x00007ffa2a414000 	C:\WINDOWS\System32\WS2_32.dll
0x00007ffa284a0000 - 0x00007ffa284fe000 	C:\WINDOWS\SYSTEM32\POWRPROF.dll
0x00007ffa200f0000 - 0x00007ffa20125000 	C:\WINDOWS\SYSTEM32\WINMM.dll
0x00007ffa20c00000 - 0x00007ffa20c0b000 	C:\WINDOWS\SYSTEM32\VERSION.dll
0x00007ffa28480000 - 0x00007ffa28494000 	C:\WINDOWS\SYSTEM32\UMPDC.dll
0x00007ffa273f0000 - 0x00007ffa2740b000 	C:\WINDOWS\SYSTEM32\kernel.appcore.dll
0x00007ffa1bb60000 - 0x00007ffa1bb6a000 	c:\Users\landr\.vscode\extensions\redhat.java-1.42.0-win32-x64\jre\21.0.7-win32-x86_64\bin\jimage.dll
0x00007ffa253c0000 - 0x00007ffa25601000 	C:\WINDOWS\SYSTEM32\DBGHELP.DLL
0x00007ffa29d70000 - 0x00007ffa2a0f5000 	C:\WINDOWS\System32\combase.dll
0x00007ffa29830000 - 0x00007ffa29911000 	C:\WINDOWS\System32\OLEAUT32.dll
0x00007ffa0bd70000 - 0x00007ffa0bda9000 	C:\WINDOWS\SYSTEM32\dbgcore.DLL
0x00007ffa291b0000 - 0x00007ffa29249000 	C:\WINDOWS\System32\bcryptPrimitives.dll
0x00007ffa232d0000 - 0x00007ffa232df000 	c:\Users\landr\.vscode\extensions\redhat.java-1.42.0-win32-x64\jre\21.0.7-win32-x86_64\bin\instrument.dll
0x00007ff9b96b0000 - 0x00007ff9b96cf000 	c:\Users\landr\.vscode\extensions\redhat.java-1.42.0-win32-x64\jre\21.0.7-win32-x86_64\bin\java.dll
0x00007ffa2a4a0000 - 0x00007ffa2abe2000 	C:\WINDOWS\System32\SHELL32.dll
0x00007ffa28a00000 - 0x00007ffa28b74000 	C:\WINDOWS\System32\wintypes.dll
0x00007ffa26280000 - 0x00007ffa26ad8000 	C:\WINDOWS\SYSTEM32\windows.storage.dll
0x00007ffa29730000 - 0x00007ffa29821000 	C:\WINDOWS\System32\SHCORE.dll
0x00007ffa2a420000 - 0x00007ffa2a48a000 	C:\WINDOWS\System32\shlwapi.dll
0x00007ffa28540000 - 0x00007ffa2856f000 	C:\WINDOWS\SYSTEM32\profapi.dll
0x00007ff9badd0000 - 0x00007ff9bade8000 	c:\Users\landr\.vscode\extensions\redhat.java-1.42.0-win32-x64\jre\21.0.7-win32-x86_64\bin\zip.dll
0x00007ffa02880000 - 0x00007ffa02890000 	C:\Users\landr\.vscode\extensions\redhat.java-1.42.0-win32-x64\jre\21.0.7-win32-x86_64\bin\net.dll
0x00007ffa20500000 - 0x00007ffa2061e000 	C:\WINDOWS\SYSTEM32\WINHTTP.dll
0x00007ffa27960000 - 0x00007ffa279ca000 	C:\WINDOWS\system32\mswsock.dll
0x00007ff9b96f0000 - 0x00007ff9b9706000 	C:\Users\landr\.vscode\extensions\redhat.java-1.42.0-win32-x64\jre\21.0.7-win32-x86_64\bin\nio.dll
0x00007ffa20ae0000 - 0x00007ffa20af0000 	c:\Users\landr\.vscode\extensions\redhat.java-1.42.0-win32-x64\jre\21.0.7-win32-x86_64\bin\verify.dll
0x00007ff9db250000 - 0x00007ff9db295000 	C:\Users\landr\AppData\Roaming\Code\User\globalStorage\redhat.java\1.42.0\config_win\org.eclipse.equinox.launcher\org.eclipse.equinox.launcher.win32.win32.x86_64_1.2.1300.v20250331-1702\eclipse_11911.dll
0x00007ffa299b0000 - 0x00007ffa29b4e000 	C:\WINDOWS\System32\ole32.dll
0x00007ffa27c20000 - 0x00007ffa27c3b000 	C:\WINDOWS\SYSTEM32\CRYPTSP.dll
0x00007ffa27350000 - 0x00007ffa2738a000 	C:\WINDOWS\system32\rsaenh.dll
0x00007ffa27a00000 - 0x00007ffa27a2b000 	C:\WINDOWS\SYSTEM32\USERENV.dll
0x00007ffa28510000 - 0x00007ffa28536000 	C:\WINDOWS\SYSTEM32\bcrypt.dll
0x00007ffa27c10000 - 0x00007ffa27c1c000 	C:\WINDOWS\SYSTEM32\CRYPTBASE.dll
0x00007ffa26e20000 - 0x00007ffa26e53000 	C:\WINDOWS\SYSTEM32\IPHLPAPI.DLL
0x00007ffa29c70000 - 0x00007ffa29c7a000 	C:\WINDOWS\System32\NSI.dll
0x00007ff9db170000 - 0x00007ff9db1b9000 	C:\Users\landr\AppData\Local\Temp\jna-102738919\jna17391877394297778553.dll
0x00007ffa2a490000 - 0x00007ffa2a498000 	C:\WINDOWS\System32\PSAPI.DLL
0x00007ffa20c10000 - 0x00007ffa20c2f000 	C:\WINDOWS\SYSTEM32\dhcpcsvc6.DLL
0x00007ffa20310000 - 0x00007ffa20335000 	C:\WINDOWS\SYSTEM32\dhcpcsvc.DLL
0x00007ffa1d550000 - 0x00007ffa1d55e000 	C:\Users\landr\.vscode\extensions\redhat.java-1.42.0-win32-x64\jre\21.0.7-win32-x86_64\bin\sunmscapi.dll
0x00007ffa29030000 - 0x00007ffa291a7000 	C:\WINDOWS\System32\CRYPT32.dll
0x00007ffa27e30000 - 0x00007ffa27e60000 	C:\WINDOWS\SYSTEM32\ncrypt.dll
0x00007ffa27de0000 - 0x00007ffa27e1f000 	C:\WINDOWS\SYSTEM32\NTASN1.dll
0x00007ffa26ec0000 - 0x00007ffa26fe7000 	C:\WINDOWS\SYSTEM32\DNSAPI.dll
0x00007ffa0f480000 - 0x00007ffa0f48b000 	C:\Windows\System32\rasadhlp.dll
0x00007ffa1d920000 - 0x00007ffa1d9a6000 	C:\WINDOWS\System32\fwpuclnt.dll
0x00007ffa1bb90000 - 0x00007ffa1bb99000 	C:\Users\landr\.vscode\extensions\redhat.java-1.42.0-win32-x64\jre\21.0.7-win32-x86_64\bin\extnet.dll

dbghelp: loaded successfully - version: 4.0.5 - missing functions: none
symbol engine: initialized successfully - sym options: 0x614 - pdb path: .;c:\Users\landr\.vscode\extensions\redhat.java-1.42.0-win32-x64\jre\21.0.7-win32-x86_64\bin;C:\WINDOWS\SYSTEM32;C:\WINDOWS\WinSxS\amd64_microsoft.windows.common-controls_6595b64144ccf1df_6.0.26100.4202_none_3e0698d4e335f517;c:\Users\landr\.vscode\extensions\redhat.java-1.42.0-win32-x64\jre\21.0.7-win32-x86_64\bin\server;C:\Users\landr\AppData\Roaming\Code\User\globalStorage\redhat.java\1.42.0\config_win\org.eclipse.equinox.launcher\org.eclipse.equinox.launcher.win32.win32.x86_64_1.2.1300.v20250331-1702;C:\Users\landr\AppData\Local\Temp\jna-102738919

VM Arguments:
jvm_args: --add-modules=ALL-SYSTEM --add-opens=java.base/java.util=ALL-UNNAMED --add-opens=java.base/java.lang=ALL-UNNAMED --add-opens=java.base/sun.nio.fs=ALL-UNNAMED -Declipse.application=org.eclipse.jdt.ls.core.id1 -Dosgi.bundles.defaultStartLevel=4 -Declipse.product=org.eclipse.jdt.ls.core.product -Djava.import.generatesMetadataFilesAtProjectRoot=false -DDetectVMInstallationsJob.disabled=true -Dfile.encoding=utf8 -XX:+UseParallelGC -XX:GCTimeRatio=4 -XX:AdaptiveSizePolicyWeight=90 -Dsun.zip.disableMemoryMapping=true -Xmx1G -Xms100m -Xlog:disable -javaagent:c:\Users\landr\.vscode\extensions\redhat.java-1.42.0-win32-x64\lombok\lombok-1.18.36.jar -XX:+HeapDumpOnOutOfMemoryError -XX:HeapDumpPath=c:\Users\landr\AppData\Roaming\Code\User\workspaceStorage\3c3ba6a5eeb949c6492a5509a9be835c\redhat.java -Daether.dependencyCollector.impl=bf 
java_command: c:\Users\landr\.vscode\extensions\redhat.java-1.42.0-win32-x64\server\plugins\org.eclipse.equinox.launcher_1.7.0.v20250424-1814.jar -configuration c:\Users\landr\AppData\Roaming\Code\User\globalStorage\redhat.java\1.42.0\config_win -data c:\Users\landr\AppData\Roaming\Code\User\workspaceStorage\3c3ba6a5eeb949c6492a5509a9be835c\redhat.java\jdt_ws --pipe=\\.\pipe\lsp-35886ea6916f2f12efe8d6a716117998-sock
java_class_path (initial): c:\Users\landr\.vscode\extensions\redhat.java-1.42.0-win32-x64\server\plugins\org.eclipse.equinox.launcher_1.7.0.v20250424-1814.jar
Launcher Type: SUN_STANDARD

[Global flags]
    uintx AdaptiveSizePolicyWeight                 = 90                                        {product} {command line}
     intx CICompilerCount                          = 4                                         {product} {ergonomic}
    uintx GCTimeRatio                              = 4                                         {product} {command line}
     bool HeapDumpOnOutOfMemoryError               = true                                   {manageable} {command line}
    ccstr HeapDumpPath                             = c:\Users\landr\AppData\Roaming\Code\User\workspaceStorage\3c3ba6a5eeb949c6492a5509a9be835c\redhat.java         {manageable} {command line}
   size_t InitialHeapSize                          = 104857600                                 {product} {command line}
   size_t MaxHeapSize                              = 1073741824                                {product} {command line}
   size_t MaxNewSize                               = 357564416                                 {product} {ergonomic}
   size_t MinHeapDeltaBytes                        = 524288                                    {product} {ergonomic}
   size_t MinHeapSize                              = 104857600                                 {product} {command line}
   size_t NewSize                                  = 34603008                                  {product} {ergonomic}
    uintx NonNMethodCodeHeapSize                   = 5839372                                {pd product} {ergonomic}
    uintx NonProfiledCodeHeapSize                  = 122909434                              {pd product} {ergonomic}
   size_t OldSize                                  = 70254592                                  {product} {ergonomic}
    uintx ProfiledCodeHeapSize                     = 122909434                              {pd product} {ergonomic}
    uintx ReservedCodeCacheSize                    = 251658240                              {pd product} {ergonomic}
     bool SegmentedCodeCache                       = true                                      {product} {ergonomic}
   size_t SoftMaxHeapSize                          = 1073741824                             {manageable} {ergonomic}
     bool UseCompressedOops                        = true                           {product lp64_product} {ergonomic}
     bool UseLargePagesIndividualAllocation        = false                                  {pd product} {ergonomic}
     bool UseParallelGC                            = true                                      {product} {command line}

Logging:
Log output configuration:
 #0: stdout all=off uptime,level,tags foldmultilines=false
 #1: stderr all=off uptime,level,tags foldmultilines=false

Environment Variables:
PATH=C:\Python313\Scripts\;C:\Python313\;C:\Program Files\Java\jdk-21\bin;C:\Program Files\Java\jdk-17\bin;C:\mvn\apache-maven-3.9.5\bin;C:\Program Files\Common Files\Oracle\Java\javapath;C:\WINDOWS\system32;C:\Program Files\php;C:\WINDOWS;C:\WINDOWS\System32\Wbem;C:\WINDOWS\System32\WindowsPowerShell\v1.0\;C:\WINDOWS\System32\OpenSSH\;C:\Program Files\dotnet\;C:\Program Files (x86)\Microsoft SQL Server\Client SDK\ODBC\130\Tools\Binn\;C:\Program Files (x86)\Microsoft SQL Server\140\Tools\Binn\;C:\Program Files (x86)\Microsoft SQL Server\140\DTS\Binn\;C:\Program Files (x86)\Microsoft SQL Server\140\Tools\Binn\ManagementStudio\;C:\Program Files\HP\HP One Agent;C:\WINDOWS\system32;C:\WINDOWS;C:\WINDOWS\System32\Wbem;C:\WINDOWS\System32\WindowsPowerShell\v1.0\;C:\WINDOWS\System32\OpenSSH\;C:\Program Files\nodejs\;C:\ProgramData\chocolatey\bin;C:\Program Files\Docker\Docker\resources\bin;C:\Program Files\Git\cmd;C:\Users\landr\AppData\Local\Microsoft\WindowsApps;C:\Users\landr\AppData\Local\Programs\Microsoft VS Code\bin;C:\Users\landr\.dotnet\tools;C:\Program Files\php;C:\Users\landr\AppData\Roaming\npm;C:\Users\landr\AppData\Local\Programs\Microsoft VS Code Insiders\bin
USERNAME=landr
OS=Windows_NT
PROCESSOR_IDENTIFIER=AMD64 Family 23 Model 24 Stepping 1, AuthenticAMD
TMP=C:\Users\landr\AppData\Local\Temp
TEMP=C:\Users\landr\AppData\Local\Temp




Periodic native trim disabled

---------------  S Y S T E M  ---------------

OS:
 Windows 11 , 64 bit Build 26100 (10.0.26100.4202)
OS uptime: 6 days 4:28 hours
Hyper-V role detected

CPU: total 8 (initial active 8) (8 cores per cpu, 2 threads per core) family 23 model 24 stepping 1 microcode 0x8108102, cx8, cmov, fxsr, ht, mmx, 3dnowpref, sse, sse2, sse3, ssse3, sse4a, sse4.1, sse4.2, popcnt, lzcnt, tsc, tscinvbit, avx, avx2, aes, clmul, bmi1, bmi2, adx, sha, fma, vzeroupper, clflush, clflushopt, hv, rdtscp, f16c
Processor Information for the first 8 processors :
  Max Mhz: 2100, Current Mhz: 2100, Mhz Limit: 2100

Memory: 4k page, system-wide physical 14249M (2343M free)
TotalPageFile size 45499M (AvailPageFile size 10M)
current process WorkingSet (physical memory assigned to process): 266M, peak: 266M
current process commit charge ("private bytes"): 318M, peak: 321M

vm_info: OpenJDK 64-Bit Server VM (21.0.7+6-LTS) for windows-amd64 JRE (21.0.7+6-LTS), built on 2025-04-15T00:00:00Z by "admin" with MS VC++ 17.7 (VS2022)

END.
